<?xml version="1.0" encoding="utf-8"?><testsuites name="pytest tests"><testsuite name="pytest" errors="0" failures="0" skipped="0" tests="85" time="43.757" timestamp="2026-06-08T04:52:33.955193+00:00" hostname="agent-env-fc5799df-9b8b-46e1-9046-8eb2561003f0"><testcase classname="backend.tests.test_new_features.TestWellnessProfile" name="test_get_blank_default_profile" time="0.010" /><testcase classname="backend.tests.test_new_features.TestWellnessProfile" name="test_put_updates_profile" time="0.088" /><testcase classname="backend.tests.test_new_features.TestWellnessProfile" name="test_put_rejects_bad_goal" time="0.043" /><testcase classname="backend.tests.test_new_features.TestWellnessProfile" name="test_put_rejects_bad_activity" time="0.043" /><testcase classname="backend.tests.test_new_features.TestWellnessProfile" name="test_put_rejects_bad_date" time="0.043" /><testcase classname="backend.tests.test_new_features.TestWellnessProfile" name="test_unauth" time="0.044" /><testcase classname="backend.tests.test_new_features.TestWeightLog" name="test_create_log_and_list_desc" time="0.135" /><testcase classname="backend.tests.test_new_features.TestWeightLog" name="test_reject_bad_weight" time="0.086" /><testcase classname="backend.tests.test_new_features.TestWeightLog" name="test_reject_bad_date" time="0.043" /><testcase classname="backend.tests.test_new_features.TestWeightLog" name="test_delete_log" time="0.130" /><testcase classname="backend.tests.test_new_features.TestWeightLog" name="test_cross_user_cannot_delete" time="0.092" /><testcase classname="backend.tests.test_new_features.TestWeightLog" name="test_cross_user_list_isolation" time="0.003" /><testcase classname="backend.tests.test_new_features.TestWeightLog" name="test_unauth" time="0.042" /><testcase classname="backend.tests.test_new_features.TestWellnessSuggest" name="test_suggest_requires_goal" time="0.003" /><testcase classname="backend.tests.test_new_features.TestWellnessSuggest" name="test_suggest_returns_brief" time="5.465" /><testcase classname="backend.tests.test_new_features.TestPrayerTemplates" name="test_examen_prompts" time="0.043" /><testcase classname="backend.tests.test_new_features.TestPrayerTemplates" name="test_examen_unauth" time="0.002" /><testcase classname="backend.tests.test_new_features.TestPrayerTemplates" name="test_examination_sections" time="0.043" /><testcase classname="backend.tests.test_new_features.TestPrayerTemplates" name="test_examination_unauth" time="0.002" /><testcase classname="backend.tests.test_new_features.TestJournalKinds" name="test_save_examen_entry" time="0.044" /><testcase classname="backend.tests.test_new_features.TestJournalKinds" name="test_save_examination_then_confess" time="0.130" /><testcase classname="backend.tests.test_new_features.TestJournalKinds" name="test_confess_404" time="0.043" /><testcase classname="backend.tests.test_new_features.TestJournalKinds" name="test_cross_user_cannot_confess" time="0.046" /><testcase classname="backend.tests.test_new_features.TestJournalKinds" name="test_unknown_kind_normalised_to_free" time="0.043" /><testcase classname="backend.tests.test_new_features.TestChurches" name="test_nearby_valid" time="2.336" /><testcase classname="backend.tests.test_new_features.TestChurches" name="test_nearby_bad_coords" time="0.043" /><testcase classname="backend.tests.test_new_features.TestChurches" name="test_nearby_unauth" time="0.002" /><testcase classname="backend.tests.test_new_features.TestChurches" name="test_save_and_list_and_delete" time="0.221" /><testcase classname="backend.tests.test_new_features.TestChurches" name="test_save_idempotent_upsert" time="0.134" /><testcase classname="backend.tests.test_new_features.TestChurches" name="test_cross_user_isolation" time="0.097" /><testcase classname="backend.tests.test_new_features.TestChurches" name="test_save_unauth" time="0.043" /><testcase classname="backend.tests.test_new_features.TestRegressionSmoke" name="test_root" time="0.042" /><testcase classname="backend.tests.test_new_features.TestRegressionSmoke" name="test_liturgical_day" time="0.044" /><testcase classname="backend.tests.test_new_features.TestRegressionSmoke" name="test_preferences" time="0.003" /><testcase classname="backend.tests.test_new_features.TestRegressionSmoke" name="test_journal_list_still_works" time="0.046" /><testcase classname="backend.tests.test_readings_journal.TestReadings" name="test_readings_requires_auth" time="0.002" /><testcase classname="backend.tests.test_readings_journal.TestReadings" name="test_readings_invalid_date" time="0.042" /><testcase classname="backend.tests.test_readings_journal.TestReadings" name="test_readings_today_universalis" time="4.635" /><testcase classname="backend.tests.test_readings_journal.TestReadings" name="test_readings_future_date_fallback" time="4.210" /><testcase classname="backend.tests.test_readings_journal.TestReadings" name="test_readings_no_mongo_id" time="0.046" /><testcase classname="backend.tests.test_readings_journal.TestJournal" name="test_journal_list_requires_auth" time="0.004" /><testcase classname="backend.tests.test_readings_journal.TestJournal" name="test_journal_create_requires_auth" time="0.044" /><testcase classname="backend.tests.test_readings_journal.TestJournal" name="test_journal_get_requires_auth" time="0.044" /><testcase classname="backend.tests.test_readings_journal.TestJournal" name="test_journal_update_requires_auth" time="0.045" /><testcase classname="backend.tests.test_readings_journal.TestJournal" name="test_journal_delete_requires_auth" time="0.043" /><testcase classname="backend.tests.test_readings_journal.TestJournal" name="test_create_journal_minimal" time="0.051" /><testcase classname="backend.tests.test_readings_journal.TestJournal" name="test_create_journal_empty_body_400" time="0.049" /><testcase classname="backend.tests.test_readings_journal.TestJournal" name="test_create_journal_invalid_date_400" time="0.048" /><testcase classname="backend.tests.test_readings_journal.TestJournal" name="test_list_journal_sorted_and_filter" time="0.320" /><testcase classname="backend.tests.test_readings_journal.TestJournal" name="test_update_journal" time="0.137" /><testcase classname="backend.tests.test_readings_journal.TestJournal" name="test_update_journal_empty_body_400" time="0.102" /><testcase classname="backend.tests.test_readings_journal.TestJournal" name="test_update_journal_not_found" time="0.046" /><testcase classname="backend.tests.test_readings_journal.TestJournal" name="test_get_journal_not_found" time="0.045" /><testcase classname="backend.tests.test_readings_journal.TestJournal" name="test_delete_journal" time="0.181" /><testcase classname="backend.tests.test_readings_journal.TestJournal" name="test_journal_user_scoping" time="0.190" /><testcase classname="backend.tests.test_readings_journal.TestSmokeRegression" name="test_liturgical_day" time="0.001" /><testcase classname="backend.tests.test_readings_journal.TestSmokeRegression" name="test_meals_grocery_endpoint" time="0.045" /><testcase classname="backend.tests.test_readings_journal.TestSmokeRegression" name="test_meals_grocery_bad_date" time="0.044" /><testcase classname="backend.tests.test_readings_journal.TestSmokeRegression" name="test_save_meal_endpoint" time="0.090" /><testcase classname="backend.tests.test_readings_journal.TestSmokeRegression" name="test_save_workout_endpoint" time="0.091" /><testcase classname="backend.tests.test_sanctus_backend.TestHealth" name="test_root_health" time="0.001" /><testcase classname="backend.tests.test_sanctus_backend.TestLiturgical" name="test_friday_ordinary_time_abstinence" time="0.041" /><testcase classname="backend.tests.test_sanctus_backend.TestLiturgical" name="test_good_friday_2026" time="0.042" /><testcase classname="backend.tests.test_sanctus_backend.TestLiturgical" name="test_easter_sunday_2026" time="0.043" /><testcase classname="backend.tests.test_sanctus_backend.TestLiturgical" name="test_christmas_2026" time="0.044" /><testcase classname="backend.tests.test_sanctus_backend.TestLiturgical" name="test_ash_wednesday_2026" time="0.043" /><testcase classname="backend.tests.test_sanctus_backend.TestLiturgical" name="test_invalid_date_format" time="0.043" /><testcase classname="backend.tests.test_sanctus_backend.TestLiturgical" name="test_month_april_2026_lent_to_easter" time="0.044" /><testcase classname="backend.tests.test_sanctus_backend.TestLiturgical" name="test_invalid_month" time="0.042" /><testcase classname="backend.tests.test_sanctus_backend.TestAuthUnauth" name="test_me_no_token" time="0.042" /><testcase classname="backend.tests.test_sanctus_backend.TestAuthUnauth" name="test_session_invalid" time="0.123" /><testcase classname="backend.tests.test_sanctus_backend.TestAuthUnauth" name="test_preferences_no_token" time="0.044" /><testcase classname="backend.tests.test_sanctus_backend.TestAuthUnauth" name="test_meals_no_token" time="0.043" /><testcase classname="backend.tests.test_sanctus_backend.TestAuthenticatedFlow" name="test_auth_me" time="0.003" /><testcase classname="backend.tests.test_sanctus_backend.TestAuthenticatedFlow" name="test_preferences_default" time="0.043" /><testcase classname="backend.tests.test_sanctus_backend.TestAuthenticatedFlow" name="test_preferences_update" time="0.089" /><testcase classname="backend.tests.test_sanctus_backend.TestAIGeneration" name="test_meal_structure" time="11.522" /><testcase classname="backend.tests.test_sanctus_backend.TestAIGeneration" name="test_friday_abstinence_no_meat" time="0.001" /><testcase classname="backend.tests.test_sanctus_backend.TestAIGeneration" name="test_workout_structure" time="11.016" /><testcase classname="backend.tests.test_sanctus_backend.TestAIGeneration" name="test_sunday_rest_content" time="0.000" /><testcase classname="backend.tests.test_sanctus_backend.TestMealWorkoutRetrieval" name="test_get_meal_persists" time="0.046" /><testcase classname="backend.tests.test_sanctus_backend.TestMealWorkoutRetrieval" name="test_meals_week" time="0.045" /><testcase classname="backend.tests.test_sanctus_backend.TestMealWorkoutRetrieval" name="test_workouts_week" time="0.045" /><testcase classname="backend.tests.test_sanctus_backend.TestMealWorkoutRetrieval" name="test_meals_week_bad_date" time="0.045" /><testcase classname="backend.tests.test_sanctus_backend.TestLogout" name="test_logout_removes_session" time="0.013" /></testsuite></testsuites>