<?xml version="1.0" encoding="utf-8"?><testsuites name="pytest tests"><testsuite name="pytest" errors="0" failures="0" skipped="0" tests="15" time="2.075" timestamp="2026-06-10T20:07:23.351395+00:00" hostname="agent-env-fc5799df-9b8b-46e1-9046-8eb2561003f0"><testcase classname="backend.tests.test_library_iter36.TestBernadetteFilm" name="test_film_detail" time="0.209" /><testcase classname="backend.tests.test_library_iter36.TestBernadetteFilm" name="test_film_in_list" time="0.133" /><testcase classname="backend.tests.test_library_iter36.TestBernadetteFilm" name="test_film_list_size_regression" time="0.120" /><testcase classname="backend.tests.test_library_iter36.TestOrthodoxy" name="test_book_detail" time="0.136" /><testcase classname="backend.tests.test_library_iter36.TestOrthodoxy" name="test_chapter_0_preface_and_subtitle" time="0.124" /><testcase classname="backend.tests.test_library_iter36.TestOrthodoxy" name="test_chapter_1_full_text" time="0.116" /><testcase classname="backend.tests.test_library_iter36.TestConfessionsFullText" name="test_chapter_0_full_text_and_subtitle" time="0.111" /><testcase classname="backend.tests.test_library_iter36" name="test_existing_book_chapter_counts[imitation-of-christ-114]" time="0.168" /><testcase classname="backend.tests.test_library_iter36" name="test_existing_book_chapter_counts[story-of-a-soul-11]" time="0.170" /><testcase classname="backend.tests.test_library_iter36" name="test_existing_book_chapter_counts[abandonment-divine-providence-4]" time="0.128" /><testcase classname="backend.tests.test_library_iter36" name="test_existing_book_chapter_counts[practice-presence-of-god-19]" time="0.116" /><testcase classname="backend.tests.test_library_iter36" name="test_films_list_regression" time="0.127" /><testcase classname="backend.tests.test_library_iter36" name="test_radio_list_regression" time="0.145" /><testcase classname="backend.tests.test_library_iter36" name="test_books_list_regression" time="0.131" /><testcase classname="backend.tests.test_library_iter36" name="test_films_auth_required" time="0.108" /></testsuite></testsuites>