<?xml version="1.0" encoding="utf-8"?><testsuites name="pytest tests"><testsuite name="pytest" errors="0" failures="0" skipped="0" tests="21" time="1.875" timestamp="2026-06-19T04:10:44.143018+00:00" hostname="agent-env-6b263582-921a-46ca-bab1-9c1709d26256"><testcase classname="tests.test_liturgy_of_hours.TestAuth" name="test_index_requires_auth" time="0.270" /><testcase classname="tests.test_liturgy_of_hours.TestAuth" name="test_hour_requires_auth" time="0.099" /><testcase classname="tests.test_liturgy_of_hours.TestAuth" name="test_day_requires_auth" time="0.138" /><testcase classname="tests.test_liturgy_of_hours.TestIndex" name="test_index_200_shape" time="0.104" /><testcase classname="tests.test_liturgy_of_hours.TestIndex" name="test_free_user_can_access" time="0.086" /><testcase classname="tests.test_liturgy_of_hours.TestIndex" name="test_hour_summary_metadata" time="0.045" /><testcase classname="tests.test_liturgy_of_hours.TestHourDetail" name="test_hour_detail_ok[lauds]" time="0.047" /><testcase classname="tests.test_liturgy_of_hours.TestHourDetail" name="test_hour_detail_ok[vespers]" time="0.052" /><testcase classname="tests.test_liturgy_of_hours.TestHourDetail" name="test_hour_detail_ok[compline]" time="0.047" /><testcase classname="tests.test_liturgy_of_hours.TestHourDetail" name="test_unknown_hour_404" time="0.044" /><testcase classname="tests.test_liturgy_of_hours.TestHourDetail" name="test_unknown_hour_random_404" time="0.044" /><testcase classname="tests.test_liturgy_of_hours.TestDayDetail" name="test_day_ok[lauds-monday]" time="0.044" /><testcase classname="tests.test_liturgy_of_hours.TestDayDetail" name="test_day_ok[lauds-sunday]" time="0.046" /><testcase classname="tests.test_liturgy_of_hours.TestDayDetail" name="test_day_ok[vespers-wednesday]" time="0.047" /><testcase classname="tests.test_liturgy_of_hours.TestDayDetail" name="test_day_ok[compline-saturday]" time="0.046" /><testcase classname="tests.test_liturgy_of_hours.TestDayDetail" name="test_unknown_day_404" time="0.043" /><testcase classname="tests.test_liturgy_of_hours.TestDayDetail" name="test_unknown_hour_then_day_404" time="0.043" /><testcase classname="tests.test_liturgy_of_hours.TestPsalmodyVariation" name="test_lauds_varies_between_days" time="0.135" /><testcase classname="tests.test_liturgy_of_hours.TestPsalmodyVariation" name="test_vespers_varies_between_days" time="0.090" /><testcase classname="tests.test_liturgy_of_hours.TestPsalmodyVariation" name="test_compline_identical_across_days" time="0.320" /><testcase classname="tests.test_liturgy_of_hours.TestPsalmodyVariation" name="test_compline_hour_meta_says_no_vary" time="0.044" /></testsuite></testsuites>