<?xml version="1.0" encoding="utf-8"?><testsuites name="pytest tests"><testsuite name="pytest" errors="0" failures="0" skipped="0" tests="10" time="2.654" timestamp="2026-07-01T02:42:21.813261+00:00" hostname="agent-env-6b263582-921a-46ca-bab1-9c1709d26256"><testcase classname="backend.tests.test_bookmarks_iter79" name="test_list_bookmarks_requires_auth" time="0.691" /><testcase classname="backend.tests.test_bookmarks_iter79" name="test_add_bookmarks_requires_auth" time="0.150" /><testcase classname="backend.tests.test_bookmarks_iter79" name="test_add_bookmark_invalid_kind" time="0.045" /><testcase classname="backend.tests.test_bookmarks_iter79" name="test_add_bookmark_missing_ref_id" time="0.046" /><testcase classname="backend.tests.test_bookmarks_iter79" name="test_add_bookmark_missing_title" time="0.052" /><testcase classname="backend.tests.test_bookmarks_iter79" name="test_add_bookmark_missing_route" time="0.048" /><testcase classname="backend.tests.test_bookmarks_iter79" name="test_create_list_delete_prayer_bookmark" time="0.181" /><testcase classname="backend.tests.test_bookmarks_iter79" name="test_idempotent_upsert" time="0.186" /><testcase classname="backend.tests.test_bookmarks_iter79" name="test_list_filter_by_kind" time="0.891" /><testcase classname="backend.tests.test_bookmarks_iter79" name="test_delete_nonexistent_returns_ok_zero" time="0.331" /></testsuite></testsuites>