<?xml version="1.0" encoding="utf-8"?><testsuites name="pytest tests"><testsuite name="pytest" errors="0" failures="0" skipped="0" tests="19" time="1.883" timestamp="2026-07-03T03:25:47.003106+00:00" hostname="agent-env-6b263582-921a-46ca-bab1-9c1709d26256"><testcase classname="backend.tests.test_iter90_family_share.TestCompanions" name="test_companions_list" time="0.241" /><testcase classname="backend.tests.test_iter90_family_share.TestFamilyMembers" name="test_00_pick_companion" time="0.053" /><testcase classname="backend.tests.test_iter90_family_share.TestFamilyMembers" name="test_01_list_initial" time="0.057" /><testcase classname="backend.tests.test_iter90_family_share.TestFamilyMembers" name="test_02_add_member" time="0.059" /><testcase classname="backend.tests.test_iter90_family_share.TestFamilyMembers" name="test_03_verify_persisted" time="0.051" /><testcase classname="backend.tests.test_iter90_family_share.TestFamilyMembers" name="test_04_add_without_name_rejected" time="0.053" /><testcase classname="backend.tests.test_iter90_family_share.TestFamilyMembers" name="test_05_add_without_companion" time="0.097" /><testcase classname="backend.tests.test_iter90_family_share.TestFamilyMembers" name="test_06_delete_member" time="0.050" /><testcase classname="backend.tests.test_iter90_family_share.TestFamilyMembers" name="test_07_delete_verified" time="0.049" /><testcase classname="backend.tests.test_iter90_family_share.TestFamilyMembers" name="test_08_unauthenticated" time="0.098" /><testcase classname="backend.tests.test_iter90_family_share.TestColoringPages" name="test_pages_load" time="0.298" /><testcase classname="backend.tests.test_iter90_family_share.TestFamilyToday" name="test_today" time="0.051" /><testcase classname="backend.tests.test_iter90_family_share.TestLibraryDeepLinks" name="test_book_exists[bible-stories-for-little-souls]" time="0.163" /><testcase classname="backend.tests.test_iter90_family_share.TestLibraryDeepLinks" name="test_book_exists[little-saints-for-little-hearts]" time="0.165" /><testcase classname="backend.tests.test_iter90_family_share.TestLibraryDeepLinks" name="test_book_exists[the-holy-mass-for-little-ones]" time="0.162" /><testcase classname="backend.tests.test_iter90_family_share.TestLibraryDeepLinks" name="test_book_exists[parents-guide-to-the-mass]" time="0.051" /><testcase classname="backend.tests.test_iter90_family_share.TestLibraryDeepLinks" name="test_book_exists[parents-guide-to-confession]" time="0.050" /><testcase classname="backend.tests.test_iter90_family_share.TestLibraryDeepLinks" name="test_book_exists[teaching-your-child-the-faith]" time="0.049" /><testcase classname="backend.tests.test_iter90_family_share.TestLibraryDeepLinks" name="test_book_exists[humanae-vitae]" time="0.052" /></testsuite></testsuites>