<?xml version="1.0" encoding="utf-8"?><testsuites name="pytest tests"><testsuite name="pytest" errors="0" failures="0" skipped="0" tests="21" time="2.959" timestamp="2026-06-11T13:50:10.371974+00:00" hostname="agent-env-fc5799df-9b8b-46e1-9046-8eb2561003f0"><testcase classname="backend.tests.test_encyclicals_iter37" name="test_books_list_contains_all_5_encyclicals" time="0.291" /><testcase classname="backend.tests.test_encyclicals_iter37" name="test_book_detail_metadata[magnifica-humanitas-8-Pope Leo XIV-None]" time="0.149" /><testcase classname="backend.tests.test_encyclicals_iter37" name="test_book_detail_metadata[veritatis-splendor-10-None-None]" time="0.176" /><testcase classname="backend.tests.test_encyclicals_iter37" name="test_book_detail_metadata[centesimus-annus-8-None-None]" time="0.155" /><testcase classname="backend.tests.test_encyclicals_iter37" name="test_book_detail_metadata[humanae-vitae-5-None-None]" time="0.154" /><testcase classname="backend.tests.test_encyclicals_iter37" name="test_book_detail_metadata[evangelii-nuntiandi-11-None-None]" time="0.149" /><testcase classname="backend.tests.test_encyclicals_iter37" name="test_magnifica_humanitas_ch0_summary" time="0.119" /><testcase classname="backend.tests.test_encyclicals_iter37" name="test_veritatis_splendor_ch0_subtitle_and_summary" time="0.150" /><testcase classname="backend.tests.test_encyclicals_iter37" name="test_other_encyclicals_ch0_summary[centesimus-annus]" time="0.130" /><testcase classname="backend.tests.test_encyclicals_iter37" name="test_other_encyclicals_ch0_summary[humanae-vitae]" time="0.108" /><testcase classname="backend.tests.test_encyclicals_iter37" name="test_other_encyclicals_ch0_summary[evangelii-nuntiandi]" time="0.145" /><testcase classname="backend.tests.test_encyclicals_iter37" name="test_humanae_vitae_ch2_full_vatican_text" time="0.111" /><testcase classname="backend.tests.test_encyclicals_iter37" name="test_ch0_subtitle_is_readers_introduction[magnifica-humanitas]" time="0.107" /><testcase classname="backend.tests.test_encyclicals_iter37" name="test_ch0_subtitle_is_readers_introduction[veritatis-splendor]" time="0.129" /><testcase classname="backend.tests.test_encyclicals_iter37" name="test_ch0_subtitle_is_readers_introduction[centesimus-annus]" time="0.121" /><testcase classname="backend.tests.test_encyclicals_iter37" name="test_ch0_subtitle_is_readers_introduction[humanae-vitae]" time="0.155" /><testcase classname="backend.tests.test_encyclicals_iter37" name="test_ch0_subtitle_is_readers_introduction[evangelii-nuntiandi]" time="0.128" /><testcase classname="backend.tests.test_encyclicals_iter37" name="test_confessions_augustine_still_works" time="0.112" /><testcase classname="backend.tests.test_encyclicals_iter37" name="test_orthodoxy_still_embedded_with_10_chapters" time="0.106" /><testcase classname="backend.tests.test_encyclicals_iter37" name="test_bernadette_film_regression" time="0.114" /><testcase classname="backend.tests.test_encyclicals_iter37" name="test_books_endpoint_requires_auth" time="0.111" /></testsuite></testsuites>