<?xml version="1.0" encoding="utf-8"?><testsuites name="pytest tests"><testsuite name="pytest" errors="0" failures="0" skipped="0" tests="19" time="1.268" timestamp="2026-06-10T18:44:38.734893+00:00" hostname="agent-env-fc5799df-9b8b-46e1-9046-8eb2561003f0"><testcase classname="backend.tests.test_radio_streams_iter34.TestRadioListSeed" name="test_list_returns_8_stations" time="0.191" /><testcase classname="backend.tests.test_radio_streams_iter34.TestRadioListSeed" name="test_list_contains_all_new_slugs_only" time="0.058" /><testcase classname="backend.tests.test_radio_streams_iter34.TestRadioListSeed" name="test_no_old_dead_slugs_present" time="0.067" /><testcase classname="backend.tests.test_radio_streams_iter34.TestRadioListSeed" name="test_all_stream_urls_are_https" time="0.065" /><testcase classname="backend.tests.test_radio_streams_iter34.TestRadioListSeed" name="test_stream_urls_exactly_match_fix" time="0.063" /><testcase classname="backend.tests.test_radio_streams_iter34" name="test_detail_endpoint_for_each_new_slug[ewtn-espanol-https://ewtn-ice.streamguys1.com/spanish-aac]" time="0.054" /><testcase classname="backend.tests.test_radio_streams_iter34" name="test_detail_endpoint_for_each_new_slug[ewtn-radio-https://ewtn-ice.streamguys1.com/english-aac]" time="0.055" /><testcase classname="backend.tests.test_radio_streams_iter34" name="test_detail_endpoint_for_each_new_slug[guadalupe-radio-https://ssl-2.stream.miriamtech.net/grn/secal.mp3]" time="0.059" /><testcase classname="backend.tests.test_radio_streams_iter34" name="test_detail_endpoint_for_each_new_slug[iowa-catholic-radio-https://streaming.live365.com/a39922?n=15e4d1f6f58efdde0d65]" time="0.055" /><testcase classname="backend.tests.test_radio_streams_iter34" name="test_detail_endpoint_for_each_new_slug[irosary-radio-https://stream.radio.co/sbc212800b/low]" time="0.058" /><testcase classname="backend.tests.test_radio_streams_iter34" name="test_detail_endpoint_for_each_new_slug[real-presence-radio-https://ssl-1.stream.miriamtech.net/realpresence/kwtl]" time="0.051" /><testcase classname="backend.tests.test_radio_streams_iter34" name="test_detail_endpoint_for_each_new_slug[relevant-radio-https://playerservices.streamtheworld.com/api/livestream-redirect/RR_MAIN.mp3]" time="0.059" /><testcase classname="backend.tests.test_radio_streams_iter34" name="test_detail_endpoint_for_each_new_slug[vatican-news-english-https://radio.vaticannews.va/stream-en]" time="0.060" /><testcase classname="backend.tests.test_radio_streams_iter34" name="test_no_known_dead_hosts_in_stream_urls" time="0.061" /><testcase classname="backend.tests.test_radio_streams_iter34" name="test_old_slug_detail_returns_404[ave-maria-radio]" time="0.052" /><testcase classname="backend.tests.test_radio_streams_iter34" name="test_old_slug_detail_returns_404[radio-maria-usa]" time="0.055" /><testcase classname="backend.tests.test_radio_streams_iter34" name="test_old_slug_detail_returns_404[sacred-heart-radio]" time="0.053" /><testcase classname="backend.tests.test_radio_streams_iter34" name="test_old_slug_detail_returns_404[vatican-radio-english]" time="0.060" /><testcase classname="backend.tests.test_radio_streams_iter34" name="test_old_slug_detail_returns_404[veritas-radio-uk]" time="0.062" /></testsuite></testsuites>