<?xml version="1.0" encoding="utf-8"?><testsuites name="pytest tests"><testsuite name="pytest" errors="0" failures="0" skipped="0" tests="9" time="5.336" timestamp="2026-06-25T18:41:59.125210+00:00" hostname="agent-env-6b263582-921a-46ca-bab1-9c1709d26256"><testcase classname="tests.test_miracles_iter60.TestPublicFeed" name="test_health_auth" time="0.214" /><testcase classname="tests.test_miracles_iter60.TestPublicFeed" name="test_list_published_seeded" time="0.111" /><testcase classname="tests.test_miracles_iter60.TestPublicFeed" name="test_drafts_not_in_public" time="0.106" /><testcase classname="tests.test_miracles_iter60.TestLocalization" name="test_spanish_translates" time="2.005" /><testcase classname="tests.test_miracles_iter60.TestLocalization" name="test_italian_translates" time="1.286" /><testcase classname="tests.test_miracles_iter60.TestAdminAndPermissions" name="test_non_admin_blocked" time="0.363" /><testcase classname="tests.test_miracles_iter60.TestAdminAndPermissions" name="test_admin_list_all_has_drafts_state" time="0.134" /><testcase classname="tests.test_miracles_iter60.TestAdminAndPermissions" name="test_admin_full_lifecycle_on_seed_copy" time="0.980" /><testcase classname="tests.test_miracles_iter60.TestAdminAndPermissions" name="test_get_single_404_unknown" time="0.101" /></testsuite></testsuites>