<?xml version="1.0" encoding="utf-8"?><testsuites name="pytest tests"><testsuite name="pytest" errors="0" failures="0" skipped="0" tests="8" time="0.975" timestamp="2026-06-19T17:37:53.076439+00:00" hostname="agent-env-6b263582-921a-46ca-bab1-9c1709d26256"><testcase classname="backend.tests.test_schedule_ics_iter44.TestIcsTokenPresence" name="test_create_returns_ics_token" time="0.367" /><testcase classname="backend.tests.test_schedule_ics_iter44.TestIcsTokenPresence" name="test_list_items_have_ics_token" time="0.048" /><testcase classname="backend.tests.test_schedule_ics_iter44.TestIcsTokenPresence" name="test_lazy_token_for_older_item" time="0.066" /><testcase classname="backend.tests.test_schedule_ics_iter44.TestPublicAccess" name="test_ics_endpoint_is_public" time="0.147" /><testcase classname="backend.tests.test_schedule_ics_iter44.TestPublicAccess" name="test_ics_unknown_token_404" time="0.053" /><testcase classname="backend.tests.test_schedule_ics_iter44.TestIcsContent" name="test_weekly_has_rrule" time="0.049" /><testcase classname="backend.tests.test_schedule_ics_iter44.TestIcsContent" name="test_once_no_rrule" time="0.069" /><testcase classname="backend.tests.test_schedule_ics_iter44.TestIcsContent" name="test_ics_text_escaping" time="0.146" /></testsuite></testsuites>