<?xml version="1.0" encoding="utf-8"?><testsuites name="pytest tests"><testsuite name="pytest" errors="0" failures="0" skipped="0" tests="4" time="28.288" timestamp="2026-07-01T02:21:10.360832+00:00" hostname="agent-env-6b263582-921a-46ca-bab1-9c1709d26256"><testcase classname="backend.tests.test_readings_phase2_iter77.TestReadingsPhase2" name="test_readings_today_full_text" time="0.299" /><testcase classname="backend.tests.test_readings_phase2_iter77.TestReadingsPhase2" name="test_readings_401_without_auth" time="0.121" /><testcase classname="backend.tests.test_readings_phase2_iter77.TestReadingsPhase2" name="test_readings_past_date_ok" time="6.973" /><testcase classname="backend.tests.test_readings_phase2_iter77.TestReadingsPhase2" name="test_readings_spanish_translation" time="20.870" /></testsuite></testsuites>