<?xml version="1.0" encoding="utf-8"?><testsuites name="pytest tests"><testsuite name="pytest" errors="0" failures="0" skipped="0" tests="20" time="0.496" timestamp="2026-06-20T23:50:32.911659+00:00" hostname="agent-env-6b263582-921a-46ca-bab1-9c1709d26256"><testcase classname="backend.tests.test_consecration_iter48.TestAdminAllListsConsecrations" name="test_all_three_present" time="0.273" /><testcase classname="backend.tests.test_consecration_iter48.TestAdminAllListsConsecrations" name="test_total_days_33[st-joseph-consecration]" time="0.000" /><testcase classname="backend.tests.test_consecration_iter48.TestAdminAllListsConsecrations" name="test_total_days_33[marian-consecration]" time="0.000" /><testcase classname="backend.tests.test_consecration_iter48.TestAdminAllListsConsecrations" name="test_total_days_33[sacred-heart-consecration]" time="0.000" /><testcase classname="backend.tests.test_consecration_iter48.TestAdminAllListsConsecrations" name="test_status_draft[st-joseph-consecration]" time="0.000" /><testcase classname="backend.tests.test_consecration_iter48.TestAdminAllListsConsecrations" name="test_status_draft[marian-consecration]" time="0.000" /><testcase classname="backend.tests.test_consecration_iter48.TestAdminAllListsConsecrations" name="test_status_draft[sacred-heart-consecration]" time="0.000" /><testcase classname="backend.tests.test_consecration_iter48.TestAdminAllListsConsecrations" name="test_opening_and_closing_prayers_non_empty[st-joseph-consecration]" time="0.000" /><testcase classname="backend.tests.test_consecration_iter48.TestAdminAllListsConsecrations" name="test_opening_and_closing_prayers_non_empty[marian-consecration]" time="0.000" /><testcase classname="backend.tests.test_consecration_iter48.TestAdminAllListsConsecrations" name="test_opening_and_closing_prayers_non_empty[sacred-heart-consecration]" time="0.000" /><testcase classname="backend.tests.test_consecration_iter48.TestAdminAllListsConsecrations" name="test_st_joseph_end_date_0319" time="0.000" /><testcase classname="backend.tests.test_consecration_iter48.TestAdminAllListsConsecrations" name="test_marian_end_date_0531" time="0.000" /><testcase classname="backend.tests.test_consecration_iter48.TestAdminAllListsConsecrations" name="test_sacred_heart_window_33_days" time="0.000" /><testcase classname="backend.tests.test_consecration_iter48.TestStJosephDays" name="test_33_day_docs" time="0.067" /><testcase classname="backend.tests.test_consecration_iter48.TestStJosephDays" name="test_day_indices_are_1_through_33" time="0.000" /><testcase classname="backend.tests.test_consecration_iter48.TestStJosephDays" name="test_every_day_has_required_fields" time="0.000" /><testcase classname="backend.tests.test_consecration_iter48.TestStJosephDays" name="test_prayer_items_count_2_to_4" time="0.000" /><testcase classname="backend.tests.test_consecration_iter48.TestStJosephDays" name="test_all_days_status_draft" time="0.000" /><testcase classname="backend.tests.test_consecration_iter48.TestMarianDaysCount" name="test_marian_has_33_days" time="0.059" /><testcase classname="backend.tests.test_consecration_iter48.TestSacredHeartDaysCount" name="test_sacred_heart_has_33_days" time="0.061" /></testsuite></testsuites>