<?xml version="1.0" encoding="utf-8"?><testsuites name="pytest tests"><testsuite name="pytest" errors="0" failures="0" skipped="0" tests="12" time="2.424" timestamp="2026-07-02T16:58:32.604047+00:00" hostname="agent-env-6b263582-921a-46ca-bab1-9c1709d26256"><testcase classname="backend.tests.test_children_books_iter87.TestChildrenBooksList" name="test_three_children_books_present" time="0.427" /><testcase classname="backend.tests.test_children_books_iter87.TestChildrenBooksList" name="test_children_books_are_free_and_have_chapters" time="0.000" /><testcase classname="backend.tests.test_children_books_iter87.TestChildrenBooksList" name="test_children_books_have_title_and_author" time="0.000" /><testcase classname="backend.tests.test_children_books_iter87.TestChildrenBookDetail" name="test_book_detail_has_chapters[bible-stories-for-little-souls-12]" time="0.267" /><testcase classname="backend.tests.test_children_books_iter87.TestChildrenBookDetail" name="test_book_detail_has_chapters[little-saints-for-little-hearts-9]" time="0.207" /><testcase classname="backend.tests.test_children_books_iter87.TestChildrenBookDetail" name="test_book_detail_has_chapters[the-holy-mass-for-little-ones-8]" time="0.195" /><testcase classname="backend.tests.test_children_books_iter87.TestChildrenBookDetail" name="test_chapter_0_full_body_no_paywall" time="0.193" /><testcase classname="backend.tests.test_children_books_iter87.TestChildrenBookDetail" name="test_children_chapter_free_without_auth" time="0.274" /><testcase classname="backend.tests.test_children_books_iter87.TestChildrenBookDetail" name="test_all_children_chapter_bodies_present" time="0.828" /><testcase classname="backend.tests.test_children_books_iter87.TestLibraryRegression" name="test_authored_books_present" time="0.000" /><testcase classname="backend.tests.test_children_books_iter87.TestLibraryRegression" name="test_encyclicals_present_and_free" time="0.000" /><testcase classname="backend.tests.test_children_books_iter87.TestLibraryRegression" name="test_at_least_one_premium_classic" time="0.000" /></testsuite></testsuites>