<?xml version="1.0" encoding="utf-8"?><testsuites name="pytest tests"><testsuite name="pytest" errors="0" failures="0" skipped="0" tests="24" time="2.992" timestamp="2026-06-19T17:13:30.421833+00:00" hostname="agent-env-6b263582-921a-46ca-bab1-9c1709d26256"><testcase classname="backend.tests.test_schedule_iter43.TestAuth" name="test_list_requires_auth" time="0.169" /><testcase classname="backend.tests.test_schedule_iter43.TestAuth" name="test_create_requires_auth" time="0.048" /><testcase classname="backend.tests.test_schedule_iter43.TestAuth" name="test_day_requires_auth" time="0.059" /><testcase classname="backend.tests.test_schedule_iter43.TestAuth" name="test_sources_requires_auth" time="0.047" /><testcase classname="backend.tests.test_schedule_iter43.TestValidations" name="test_weekly_empty_days" time="0.103" /><testcase classname="backend.tests.test_schedule_iter43.TestValidations" name="test_once_missing_date" time="0.047" /><testcase classname="backend.tests.test_schedule_iter43.TestValidations" name="test_once_invalid_date" time="0.050" /><testcase classname="backend.tests.test_schedule_iter43.TestValidations" name="test_invalid_time" time="0.060" /><testcase classname="backend.tests.test_schedule_iter43.TestValidations" name="test_empty_title" time="0.053" /><testcase classname="backend.tests.test_schedule_iter43.TestCRUD" name="test_create_weekly" time="0.046" /><testcase classname="backend.tests.test_schedule_iter43.TestCRUD" name="test_create_once" time="0.049" /><testcase classname="backend.tests.test_schedule_iter43.TestCRUD" name="test_list_contains_created" time="0.050" /><testcase classname="backend.tests.test_schedule_iter43.TestCRUD" name="test_update_item" time="0.096" /><testcase classname="backend.tests.test_schedule_iter43.TestCRUD" name="test_notif_ids_endpoint" time="0.091" /><testcase classname="backend.tests.test_schedule_iter43.TestCRUD" name="test_delete_returns_notif_ids" time="0.351" /><testcase classname="backend.tests.test_schedule_iter43.TestDayMatching" name="test_setup_items" time="0.099" /><testcase classname="backend.tests.test_schedule_iter43.TestDayMatching" name="test_day_matches_weekly_friday" time="0.052" /><testcase classname="backend.tests.test_schedule_iter43.TestDayMatching" name="test_day_matches_once_date" time="0.047" /><testcase classname="backend.tests.test_schedule_iter43.TestDayMatching" name="test_day_excludes_nonmatching" time="0.048" /><testcase classname="backend.tests.test_schedule_iter43.TestDayMatching" name="test_timed_sorted_before_allday" time="0.930" /><testcase classname="backend.tests.test_schedule_iter43.TestDayMatching" name="test_day_bad_date" time="0.256" /><testcase classname="backend.tests.test_schedule_iter43.TestSources" name="test_sources_shape" time="0.056" /><testcase classname="backend.tests.test_schedule_iter43.TestSources" name="test_sources_active_only" time="0.048" /><testcase classname="backend.tests.test_schedule_iter43.TestSources" name="test_sources_free_user" time="0.108" /></testsuite></testsuites>