<?xml version="1.0" encoding="utf-8"?><testsuites name="pytest tests"><testsuite name="pytest" errors="0" failures="0" skipped="0" tests="16" time="1.015" timestamp="2026-07-01T11:32:03.414967+00:00" hostname="agent-env-6b263582-921a-46ca-bab1-9c1709d26256"><testcase classname="backend.tests.test_eastern_calendar.TestEasternMonth" name="test_dec_2026_new_nativity" time="0.287" /><testcase classname="backend.tests.test_eastern_calendar.TestEasternMonth" name="test_dec_2026_old_no_nativity" time="0.046" /><testcase classname="backend.tests.test_eastern_calendar.TestEasternMonth" name="test_jan_2027_old_nativity_on_jan7" time="0.049" /><testcase classname="backend.tests.test_eastern_calendar.TestEasternMonth" name="test_theophany_new_jan6" time="0.049" /><testcase classname="backend.tests.test_eastern_calendar.TestEasternMonth" name="test_theophany_old_jan19" time="0.049" /><testcase classname="backend.tests.test_eastern_calendar.TestEasternMonth" name="test_invalid_month_400" time="0.045" /><testcase classname="backend.tests.test_eastern_calendar.TestEasternDay" name="test_pascha_new_2026" time="0.047" /><testcase classname="backend.tests.test_eastern_calendar.TestEasternDay" name="test_pascha_old_2026" time="0.043" /><testcase classname="backend.tests.test_eastern_calendar.TestEasternDay" name="test_transfiguration_new_aug6" time="0.045" /><testcase classname="backend.tests.test_eastern_calendar.TestEasternDay" name="test_dormition_new_aug15" time="0.044" /><testcase classname="backend.tests.test_eastern_calendar.TestEasternDay" name="test_annunciation_new_mar25" time="0.046" /><testcase classname="backend.tests.test_eastern_calendar.TestEasternDay" name="test_pentecost_new_2026" time="0.046" /><testcase classname="backend.tests.test_eastern_calendar.TestEasternDay" name="test_ascension_new_2026" time="0.046" /><testcase classname="backend.tests.test_eastern_calendar.TestEasternDay" name="test_invalid_date_400" time="0.044" /><testcase classname="backend.tests.test_eastern_calendar.TestEasternDay" name="test_pascha_differs_new_vs_old" time="0.041" /><testcase classname="backend.tests.test_eastern_calendar.TestRomanUnchanged" name="test_roman_month_still_works" time="0.045" /></testsuite></testsuites>