<?xml version="1.0" encoding="utf-8"?><testsuites name="pytest tests"><testsuite name="pytest" errors="0" failures="0" skipped="0" tests="6" time="1.644" timestamp="2026-06-20T12:43:01.741087+00:00" hostname="agent-env-6b263582-921a-46ca-bab1-9c1709d26256"><testcase classname="backend.tests.test_italian_iter47.TestTranslateItalian" name="test_translate_basic_phrases_to_italian" time="1.386" /><testcase classname="backend.tests.test_italian_iter47.TestTranslateItalian" name="test_translate_cache_hit_is_fast" time="0.088" /><testcase classname="backend.tests.test_italian_iter47.TestTranslateItalian" name="test_translate_english_target_passthrough" time="0.044" /><testcase classname="backend.tests.test_italian_iter47.TestTranslateItalian" name="test_translate_requires_auth" time="0.003" /><testcase classname="backend.tests.test_italian_iter47.TestLiturgyItalian" name="test_liturgy_lauds_saturday_italian" time="0.044" /><testcase classname="backend.tests.test_italian_iter47.TestLiturgyItalian" name="test_liturgy_lauds_saturday_english_default" time="0.053" /></testsuite></testsuites>