<?xml version="1.0" encoding="utf-8"?><testsuites name="pytest tests"><testsuite name="pytest" errors="0" failures="0" skipped="0" tests="6" time="1.314" timestamp="2026-06-27T19:57:15.197213+00:00" hostname="agent-env-6b263582-921a-46ca-bab1-9c1709d26256"><testcase classname="backend.tests.test_iter73_challenge_start" name="test_invalid_start_option_returns_422" time="0.286" /><testcase classname="backend.tests.test_iter73_challenge_start" name="test_enroll_today_anchors_day1_today" time="0.408" /><testcase classname="backend.tests.test_iter73_challenge_start" name="test_reenroll_updates_start_date" time="0.102" /><testcase classname="backend.tests.test_iter73_challenge_start" name="test_liturgical_option_uses_canonical_window" time="0.227" /><testcase classname="backend.tests.test_iter73_challenge_start" name="test_explicit_start_date" time="0.132" /><testcase classname="backend.tests.test_iter73_challenge_start" name="test_cleanup_unenroll" time="0.133" /></testsuite></testsuites>