<?xml version="1.0" encoding="utf-8"?><testsuites name="pytest tests"><testsuite name="pytest" errors="0" failures="0" skipped="0" tests="8" time="10.765" timestamp="2026-06-26T02:45:26.339783+00:00" hostname="agent-env-6b263582-921a-46ca-bab1-9c1709d26256"><testcase classname="backend.tests.test_iter66_sites_pilgrimage.TestSites" name="test_sites_returns_270" time="0.400" /><testcase classname="backend.tests.test_iter66_sites_pilgrimage.TestSites" name="test_sites_idempotent" time="0.496" /><testcase classname="backend.tests.test_iter66_sites_pilgrimage.TestNearby" name="test_nearby_no_params_returns_up_to_8" time="0.199" /><testcase classname="backend.tests.test_iter66_sites_pilgrimage.TestNearby" name="test_nearby_rome_nearest_is_st_peters" time="0.212" /><testcase classname="backend.tests.test_iter66_sites_pilgrimage.TestNearby" name="test_nearby_localized_es" time="8.911" /><testcase classname="backend.tests.test_iter66_sites_pilgrimage.TestPilgrimageSchedule" name="test_create_pilgrimage_item" time="0.166" /><testcase classname="backend.tests.test_iter66_sites_pilgrimage.TestPilgrimageSchedule" name="test_list_includes_pilgrimage" time="0.104" /><testcase classname="backend.tests.test_iter66_sites_pilgrimage.TestPilgrimageSchedule" name="test_delete_pilgrimage" time="0.247" /></testsuite></testsuites>