<?xml version="1.0" encoding="utf-8"?><testsuites name="pytest tests"><testsuite name="pytest" errors="0" failures="0" skipped="0" tests="18" time="8.945" timestamp="2026-06-09T04:02:56.971025+00:00" hostname="agent-env-fc5799df-9b8b-46e1-9046-8eb2561003f0"><testcase classname="backend.tests.test_overlay_bio_events.TestAuthMeBio" name="test_set_valid_bio_fields" time="0.100" /><testcase classname="backend.tests.test_overlay_bio_events.TestAuthMeBio" name="test_clear_bio_with_empty_strings_and_zero_age" time="0.045" /><testcase classname="backend.tests.test_overlay_bio_events.TestAuthMeBio" name="test_reject_invalid_denomination" time="0.043" /><testcase classname="backend.tests.test_overlay_bio_events.TestAuthMeBio" name="test_reject_invalid_tradition_path" time="0.043" /><testcase classname="backend.tests.test_overlay_bio_events.TestAuthMeBio" name="test_reject_out_of_range_age" time="0.087" /><testcase classname="backend.tests.test_overlay_bio_events.TestAuthMeBio" name="test_accept_orthodox_and_revert" time="0.005" /><testcase classname="backend.tests.test_overlay_bio_events.TestChurchOverlay" name="test_user_a_submits_with_show_name_true" time="0.044" /><testcase classname="backend.tests.test_overlay_bio_events.TestChurchOverlay" name="test_get_overlay_returns_attribution" time="0.044" /><testcase classname="backend.tests.test_overlay_bio_events.TestChurchOverlay" name="test_user_b_submits_opt_out" time="0.004" /><testcase classname="backend.tests.test_overlay_bio_events.TestChurchOverlay" name="test_dedupes_case_insensitively" time="0.043" /><testcase classname="backend.tests.test_overlay_bio_events.TestChurchOverlay" name="test_replace_mass_wipes_existing" time="0.044" /><testcase classname="backend.tests.test_overlay_bio_events.TestChurchOverlay" name="test_reject_bad_church_id_format" time="0.043" /><testcase classname="backend.tests.test_overlay_bio_events.TestChurchOverlay" name="test_unauth_blocked" time="0.002" /><testcase classname="backend.tests.test_overlay_bio_events.TestListingDecoration" name="test_search_decorates_with_overlay_metadata" time="0.733" /><testcase classname="backend.tests.test_overlay_bio_events.TestListingDecoration" name="test_nearby_decorates_with_overlay_metadata" time="7.424" /><testcase classname="backend.tests.test_overlay_bio_events.TestListingDecoration" name="test_saved_decorates_with_overlay_metadata" time="0.088" /><testcase classname="backend.tests.test_overlay_bio_events.TestMyEvents" name="test_my_events_returns_only_my_events" time="0.095" /><testcase classname="backend.tests.test_overlay_bio_events.TestMyEvents" name="test_my_events_requires_auth" time="0.004" /></testsuite></testsuites>