<?xml version="1.0" encoding="utf-8"?><testsuites name="pytest tests"><testsuite name="pytest" errors="0" failures="0" skipped="0" tests="21" time="0.987" timestamp="2026-06-11T20:47:58.375363+00:00" hostname="agent-env-fc5799df-9b8b-46e1-9046-8eb2561003f0"><testcase classname="backend.tests.test_payment_links_iter40.TestSubscriptionsStatus" name="test_admin_status" time="0.011" /><testcase classname="backend.tests.test_payment_links_iter40.TestSubscriptionsStatus" name="test_nonadmin_status" time="0.044" /><testcase classname="backend.tests.test_payment_links_iter40.TestSubscriptionsStatus" name="test_unauth_status_401" time="0.042" /><testcase classname="backend.tests.test_payment_links_iter40.TestCreateCheckoutSession" name="test_nonadmin_monthly_returns_payment_link" time="0.045" /><testcase classname="backend.tests.test_payment_links_iter40.TestCreateCheckoutSession" name="test_nonadmin_annual_returns_payment_link" time="0.044" /><testcase classname="backend.tests.test_payment_links_iter40.TestCreateCheckoutSession" name="test_admin_short_circuits_already_premium" time="0.043" /><testcase classname="backend.tests.test_payment_links_iter40.TestCreateCheckoutSession" name="test_invalid_plan_422" time="0.043" /><testcase classname="backend.tests.test_payment_links_iter40.TestCreateCheckoutSession" name="test_invalid_return_origin_422" time="0.043" /><testcase classname="backend.tests.test_payment_links_iter40.TestCreateCheckoutSession" name="test_unauth_401" time="0.043" /><testcase classname="backend.tests.test_payment_links_iter40.TestMongoAnnotation" name="test_user_doc_annotated_after_checkout" time="0.090" /><testcase classname="backend.tests.test_payment_links_iter40.TestCustomerPortal" name="test_customer_portal_503_for_nonadmin" time="0.044" /><testcase classname="backend.tests.test_payment_links_iter40.TestCustomerPortal" name="test_customer_portal_503_for_admin" time="0.044" /><testcase classname="backend.tests.test_payment_links_iter40.TestWebhook" name="test_webhook_503" time="0.043" /><testcase classname="backend.tests.test_payment_links_iter40.TestRegression" name="test_humanae_vitae_free" time="0.045" /><testcase classname="backend.tests.test_payment_links_iter40.TestRegression" name="test_confessions_paywalled_for_nonadmin" time="0.044" /><testcase classname="backend.tests.test_payment_links_iter40.TestRegression" name="test_confessions_open_for_admin" time="0.005" /><testcase classname="backend.tests.test_payment_links_iter40.TestRegression" name="test_challenge_enroll_paywalled_for_nonadmin" time="0.091" /><testcase classname="backend.tests.test_payment_links_iter40.TestRegression" name="test_group_dm_paywalled_for_nonadmin" time="0.043" /><testcase classname="backend.tests.test_payment_links_iter40.TestRegression" name="test_auth_me_admin_premium" time="0.044" /><testcase classname="backend.tests.test_payment_links_iter40.TestRegression" name="test_dm_unread_count_for_nonadmin" time="0.044" /><testcase classname="backend.tests.test_payment_links_iter40.TestRegression" name="test_dm_unread_count_for_admin" time="0.044" /></testsuite></testsuites>