<?xml version="1.0" encoding="utf-8"?><testsuites name="pytest tests"><testsuite name="pytest" errors="0" failures="0" skipped="0" tests="17" time="4.560" timestamp="2026-06-27T14:00:29.608811+00:00" hostname="agent-env-6b263582-921a-46ca-bab1-9c1709d26256"><testcase classname="backend.tests.test_novenas_journal_traditions.TestMultipleActiveNovenas" name="test_start_two_concurrent" time="1.176" /><testcase classname="backend.tests.test_novenas_journal_traditions.TestMultipleActiveNovenas" name="test_list_returns_both_actives" time="0.098" /><testcase classname="backend.tests.test_novenas_journal_traditions.TestMultipleActiveNovenas" name="test_active_endpoint_embeds_catalog" time="0.102" /><testcase classname="backend.tests.test_novenas_journal_traditions.TestMultipleActiveNovenas" name="test_restart_same_slug_replaces_only_that" time="0.297" /><testcase classname="backend.tests.test_novenas_journal_traditions.TestMultipleActiveNovenas" name="test_per_slug_stop_only_marks_that" time="0.241" /><testcase classname="backend.tests.test_novenas_journal_traditions.TestMultipleActiveNovenas" name="test_complete_day_per_slug" time="0.091" /><testcase classname="backend.tests.test_novenas_journal_traditions.TestMultipleActiveNovenas" name="test_complete_day_out_of_range" time="0.195" /><testcase classname="backend.tests.test_novenas_journal_traditions.TestJournal" name="test_unknown_slug_returns_404" time="0.194" /><testcase classname="backend.tests.test_novenas_journal_traditions.TestJournal" name="test_empty_text_400" time="0.129" /><testcase classname="backend.tests.test_novenas_journal_traditions.TestJournal" name="test_add_two_entries" time="0.245" /><testcase classname="backend.tests.test_novenas_journal_traditions.TestJournal" name="test_get_journal_newest_first" time="0.102" /><testcase classname="backend.tests.test_novenas_journal_traditions.TestJournal" name="test_journal_persists_after_stop" time="0.295" /><testcase classname="backend.tests.test_novenas_journal_traditions.TestJournal" name="test_delete_entry" time="0.215" /><testcase classname="backend.tests.test_novenas_journal_traditions.TestCompanionDailyTraditions" name="test_daily_traditions_present[st-joseph]" time="0.127" /><testcase classname="backend.tests.test_novenas_journal_traditions.TestCompanionDailyTraditions" name="test_daily_traditions_present[blessed-virgin-mary]" time="0.112" /><testcase classname="backend.tests.test_novenas_journal_traditions.TestCompanionDailyTraditions" name="test_daily_traditions_present[padre-pio]" time="0.096" /><testcase classname="backend.tests.test_novenas_journal_traditions.TestCompanionDailyTraditions" name="test_daily_traditions_present[guardian-angel]" time="0.798" /></testsuite></testsuites>