<?xml version="1.0" encoding="utf-8"?><testsuites name="pytest tests"><testsuite name="pytest" errors="0" failures="0" skipped="0" tests="4" time="7.872" timestamp="2026-07-03T03:01:35.982565+00:00" hostname="agent-env-6b263582-921a-46ca-bab1-9c1709d26256"><testcase classname="backend.tests.test_iter88_family_coloring.TestFamilyToday" name="test_family_today_en_schema" time="0.246" /><testcase classname="backend.tests.test_iter88_family_coloring.TestFamilyToday" name="test_family_today_spanish" time="6.988" /><testcase classname="backend.tests.test_iter88_family_coloring.TestColoringPages" name="test_coloring_list" time="0.235" /><testcase classname="backend.tests.test_iter88_family_coloring.TestLibraryChildrenCovers" name="test_children_books_have_cover_image" time="0.371" /></testsuite></testsuites>