<?xml version="1.0" encoding="utf-8"?><testsuites name="pytest tests"><testsuite name="pytest" errors="0" failures="0" skipped="0" tests="9" time="2.687" timestamp="2026-06-25T10:53:03.672398+00:00" hostname="agent-env-6b263582-921a-46ca-bab1-9c1709d26256"><testcase classname="tests.test_radio_mater_iter57.TestRadioMaterPresent" name="test_radio_mater_listed" time="2.616" /><testcase classname="tests.test_radio_mater_iter57.TestRadioMaterPresent" name="test_radio_mater_detail_endpoint" time="0.045" /><testcase classname="tests.test_radio_mater_iter57.TestVaticanItalianGone" name="test_no_vatican_news_italian_slug" time="0.000" /><testcase classname="tests.test_radio_mater_iter57.TestVaticanItalianGone" name="test_no_station_named_vatican_news_italiano" time="0.000" /><testcase classname="tests.test_radio_mater_iter57.TestVaticanItalianGone" name="test_no_italian_stream_pointing_to_vaticannews" time="0.000" /><testcase classname="tests.test_radio_mater_iter57.TestItalianSet" name="test_italian_stations_are_exactly_expected" time="0.000" /><testcase classname="tests.test_radio_mater_iter57.TestRegression" name="test_english_stations_still_present" time="0.000" /><testcase classname="tests.test_radio_mater_iter57.TestRegression" name="test_spanish_station_still_present" time="0.000" /><testcase classname="tests.test_radio_mater_iter57.TestRegression" name="test_all_stream_urls_https" time="0.000" /></testsuite></testsuites>