<?xml version="1.0" encoding="utf-8"?><testsuites name="pytest tests"><testsuite name="pytest" errors="0" failures="0" skipped="0" tests="13" time="1.920" timestamp="2026-06-08T20:22:39.280867+00:00" hostname="agent-env-fc5799df-9b8b-46e1-9046-8eb2561003f0"><testcase classname="tests.test_daily_practice.TestDailyPracticeShape" name="test_get_today_returns_expected_shape" time="0.064" /><testcase classname="tests.test_daily_practice.TestDailyPracticeIdempotency" name="test_idempotent_same_date" time="0.093" /><testcase classname="tests.test_daily_practice.TestDailyPracticeRotation" name="test_30_day_unique_rotation" time="1.398" /><testcase classname="tests.test_daily_practice.TestDailyPracticeCompletion" name="test_complete_sets_completed_and_note" time="0.047" /><testcase classname="tests.test_daily_practice.TestDailyPracticeCompletion" name="test_idempotent_after_completion" time="0.045" /><testcase classname="tests.test_daily_practice.TestDailyPracticeCompletion" name="test_undo_clears_completed" time="0.091" /><testcase classname="tests.test_daily_practice.TestDailyPracticeHistory" name="test_history" time="0.048" /><testcase classname="tests.test_daily_practice.TestDailyPracticeAuth" name="test_get_requires_auth" time="0.003" /><testcase classname="tests.test_daily_practice.TestDailyPracticeAuth" name="test_post_complete_requires_auth" time="0.003" /><testcase classname="tests.test_daily_practice.TestDailyPracticeAuth" name="test_delete_complete_requires_auth" time="0.002" /><testcase classname="tests.test_daily_practice.TestDailyPracticeAuth" name="test_history_requires_auth" time="0.002" /><testcase classname="tests.test_daily_practice.TestDailyPracticeBadLimit" name="test_history_bad_limit_too_high" time="0.045" /><testcase classname="tests.test_daily_practice.TestDailyPracticeBadLimit" name="test_history_bad_limit_zero" time="0.046" /></testsuite></testsuites>