<?xml version="1.0" encoding="utf-8"?><testsuites name="pytest tests"><testsuite name="pytest" errors="0" failures="0" skipped="0" tests="4" time="34.001" timestamp="2026-06-26T01:56:22.789268+00:00" hostname="agent-env-6b263582-921a-46ca-bab1-9c1709d26256"><testcase classname="backend.tests.test_iter64_persecution_traditions.TestSitesI18n" name="test_persecution_note_localized[es]" time="16.169" /><testcase classname="backend.tests.test_iter64_persecution_traditions.TestSitesI18n" name="test_persecution_note_localized[it]" time="16.823" /><testcase classname="backend.tests.test_iter64_persecution_traditions.TestVocationTraditions" name="test_guide_traditions_localized[es]" time="0.512" /><testcase classname="backend.tests.test_iter64_persecution_traditions.TestVocationTraditions" name="test_guide_traditions_localized[it]" time="0.477" /></testsuite></testsuites>