<?xml version="1.0" encoding="utf-8"?><testsuites name="pytest tests"><testsuite name="pytest" errors="0" failures="0" skipped="0" tests="32" time="24.945" timestamp="2026-06-08T11:52:17.234215+00:00" hostname="agent-env-fc5799df-9b8b-46e1-9046-8eb2561003f0"><testcase classname="backend.tests.test_bible.TestBooksCatalog" name="test_books_returns_73" time="0.348" /><testcase classname="backend.tests.test_bible.TestBooksCatalog" name="test_books_section_distribution" time="0.051" /><testcase classname="backend.tests.test_bible.TestBooksCatalog" name="test_books_deutero_set" time="0.051" /><testcase classname="backend.tests.test_bible.TestBooksCatalog" name="test_books_orders_unique_and_sequential" time="0.051" /><testcase classname="backend.tests.test_bible.TestBooksCatalog" name="test_books_required_fields" time="0.052" /><testcase classname="backend.tests.test_bible.TestBooksCatalog" name="test_psalms_150_chapters" time="0.052" /><testcase classname="backend.tests.test_bible.TestBooksCatalog" name="test_john_chapters_and_abbr" time="0.054" /><testcase classname="backend.tests.test_bible.TestBooksCatalog" name="test_2macc_dr_name" time="0.054" /><testcase classname="backend.tests.test_bible.TestChapterEndpoint" name="test_john_3_structure" time="0.060" /><testcase classname="backend.tests.test_bible.TestChapterEndpoint" name="test_john_3_16_dr_phrase" time="0.063" /><testcase classname="backend.tests.test_bible.TestChapterEndpoint" name="test_genesis_1_min_30_verses" time="0.055" /><testcase classname="backend.tests.test_bible.TestChapterEndpoint" name="test_tobit_3_deutero" time="0.058" /><testcase classname="backend.tests.test_bible.TestChapterEndpoint" name="test_2macc_7_deutero" time="0.055" /><testcase classname="backend.tests.test_bible.TestChapterEndpoint" name="test_chapter_out_of_range_high" time="0.056" /><testcase classname="backend.tests.test_bible.TestChapterEndpoint" name="test_chapter_unknown_book" time="0.056" /><testcase classname="backend.tests.test_bible.TestChapterEndpoint" name="test_chapter_zero" time="0.056" /><testcase classname="backend.tests.test_bible.TestChapterEndpoint" name="test_chapter_requires_auth" time="0.055" /><testcase classname="backend.tests.test_bible.TestHighlightCreate" name="test_set_highlight_rose" time="0.054" /><testcase classname="backend.tests.test_bible.TestHighlightCreate" name="test_update_highlight_gold_reflects_in_chapter" time="0.108" /><testcase classname="backend.tests.test_bible.TestHighlightCreate" name="test_invalid_color" time="0.054" /><testcase classname="backend.tests.test_bible.TestHighlightCreate" name="test_unknown_book" time="0.056" /><testcase classname="backend.tests.test_bible.TestHighlightCreate" name="test_chapter_out_of_range" time="0.055" /><testcase classname="backend.tests.test_bible.TestHighlightCreate" name="test_requires_auth" time="0.051" /><testcase classname="backend.tests.test_bible.TestHighlightDelete" name="test_delete_existing" time="0.164" /><testcase classname="backend.tests.test_bible.TestHighlightDelete" name="test_delete_nonexistent" time="0.107" /><testcase classname="backend.tests.test_bible.TestHighlightsList" name="test_list_after_two_sets" time="0.262" /><testcase classname="backend.tests.test_bible.TestHighlightsList" name="test_list_filter_by_book" time="0.066" /><testcase classname="backend.tests.test_bible.TestHighlightsList" name="test_list_requires_auth" time="0.062" /><testcase classname="backend.tests.test_bible.TestRegression" name="test_auth_me" time="0.054" /><testcase classname="backend.tests.test_bible.TestRegression" name="test_wellness_profile" time="0.057" /><testcase classname="backend.tests.test_bible.TestRegression" name="test_churches_nearby" time="10.633" /><testcase classname="backend.tests.test_bible.TestRegression" name="test_meals_generate_goal_mode" time="11.883" /></testsuite></testsuites>