<?xml version="1.0" encoding="utf-8"?><testsuites name="pytest tests"><testsuite name="pytest" errors="0" failures="0" skipped="0" tests="8" time="6.643" timestamp="2026-06-19T21:07:11.620565+00:00" hostname="agent-env-6b263582-921a-46ca-bab1-9c1709d26256"><testcase classname="backend.tests.test_virtus_calendar_iter45.TestVirtusCalendar" name="test_auth_required" time="0.239" /><testcase classname="backend.tests.test_virtus_calendar_iter45.TestVirtusCalendar" name="test_get_plan" time="5.786" /><testcase classname="backend.tests.test_virtus_calendar_iter45.TestVirtusCalendar" name="test_checkin_per_date_isolation" time="0.169" /><testcase classname="backend.tests.test_virtus_calendar_iter45.TestVirtusCalendar" name="test_checkin_bad_date" time="0.050" /><testcase classname="backend.tests.test_virtus_calendar_iter45.TestVirtusCalendar" name="test_checkin_bad_goal" time="0.057" /><testcase classname="backend.tests.test_virtus_calendar_iter45.TestVirtusCalendar" name="test_journal_per_date" time="0.153" /><testcase classname="backend.tests.test_virtus_calendar_iter45.TestVirtusCalendar" name="test_journal_bad_date" time="0.053" /><testcase classname="backend.tests.test_virtus_calendar_iter45.TestVirtusCalendar" name="test_get_plan_persistence" time="0.103" /></testsuite></testsuites>