<?xml version="1.0" encoding="utf-8"?><testsuites name="pytest tests"><testsuite name="pytest" errors="0" failures="0" skipped="0" tests="25" time="3.957" timestamp="2026-06-26T21:48:44.138363+00:00" hostname="agent-env-6b263582-921a-46ca-bab1-9c1709d26256"><testcase classname="backend.tests.test_iter69_companions_consecration.TestCompanions" name="test_companion_payload[francis-assisi]" time="0.420" /><testcase classname="backend.tests.test_iter69_companions_consecration.TestCompanions" name="test_companion_payload[catherine-siena]" time="0.129" /><testcase classname="backend.tests.test_iter69_companions_consecration.TestCompanions" name="test_companion_payload[st-joseph]" time="0.111" /><testcase classname="backend.tests.test_iter69_companions_consecration.TestCompanions" name="test_companion_payload[monica]" time="0.112" /><testcase classname="backend.tests.test_iter69_companions_consecration.TestCompanions" name="test_companion_payload[therese-lisieux]" time="0.155" /><testcase classname="backend.tests.test_iter69_companions_consecration.TestCompanions" name="test_companion_404" time="0.148" /><testcase classname="backend.tests.test_iter69_companions_consecration.TestCompanions" name="test_companion_image[francis-assisi]" time="0.209" /><testcase classname="backend.tests.test_iter69_companions_consecration.TestCompanions" name="test_companion_image[st-joseph]" time="0.187" /><testcase classname="backend.tests.test_iter69_companions_consecration.TestCompanionNovenas" name="test_list_contains_all_new_novenas" time="0.136" /><testcase classname="backend.tests.test_iter69_companions_consecration.TestCompanionNovenas" name="test_detail_resolves[st-catherine-siena]" time="0.118" /><testcase classname="backend.tests.test_iter69_companions_consecration.TestCompanionNovenas" name="test_detail_resolves[bl-pier-giorgio]" time="0.117" /><testcase classname="backend.tests.test_iter69_companions_consecration.TestCompanionNovenas" name="test_detail_resolves[st-john-paul-ii]" time="0.112" /><testcase classname="backend.tests.test_iter69_companions_consecration.TestCompanionNovenas" name="test_detail_resolves[st-agnes]" time="0.104" /><testcase classname="backend.tests.test_iter69_companions_consecration.TestCompanionNovenas" name="test_detail_resolves[st-benedict]" time="0.108" /><testcase classname="backend.tests.test_iter69_companions_consecration.TestCompanionNovenas" name="test_detail_resolves[st-francis-assisi]" time="0.104" /><testcase classname="backend.tests.test_iter69_companions_consecration.TestCompanionNovenas" name="test_detail_resolves[st-teresa-avila]" time="0.099" /><testcase classname="backend.tests.test_iter69_companions_consecration.TestCompanionNovenas" name="test_detail_resolves[sts-louis-zelie]" time="0.110" /><testcase classname="backend.tests.test_iter69_companions_consecration.TestCompanionNovenas" name="test_detail_resolves[st-gianna]" time="0.097" /><testcase classname="backend.tests.test_iter69_companions_consecration.TestCompanionNovenas" name="test_detail_resolves[st-monica]" time="0.108" /><testcase classname="backend.tests.test_iter69_companions_consecration.TestConsecration" name="test_overview" time="0.094" /><testcase classname="backend.tests.test_iter69_companions_consecration.TestConsecration" name="test_start_creates_active" time="0.133" /><testcase classname="backend.tests.test_iter69_companions_consecration.TestConsecration" name="test_day_1_has_meditation_no_act" time="0.102" /><testcase classname="backend.tests.test_iter69_companions_consecration.TestConsecration" name="test_day_33_has_act" time="0.130" /><testcase classname="backend.tests.test_iter69_companions_consecration.TestConsecration" name="test_out_of_range" time="0.314" /><testcase classname="backend.tests.test_iter69_companions_consecration.TestConsecration" name="test_complete_then_stop" time="0.452" /></testsuite></testsuites>