<?xml version="1.0" encoding="utf-8"?><testsuites name="pytest tests"><testsuite name="pytest" errors="0" failures="0" skipped="0" tests="8" time="1.930" timestamp="2026-06-11T21:26:26.858494+00:00" hostname="agent-env-fc5799df-9b8b-46e1-9046-8eb2561003f0"><testcase classname="tests.test_missals_iter41" name="test_missals_requires_auth" time="0.038" /><testcase classname="tests.test_missals_iter41" name="test_missals_index" time="0.007" /><testcase classname="tests.test_missals_iter41" name="test_missal_detail[novus-ordo]" time="0.002" /><testcase classname="tests.test_missals_iter41" name="test_missal_detail[tlm]" time="0.002" /><testcase classname="tests.test_missals_iter41" name="test_missal_detail[ordinariate]" time="0.002" /><testcase classname="tests.test_missals_iter41" name="test_missal_section_payload" time="0.012" /><testcase classname="tests.test_missals_iter41" name="test_missal_unknown_slug" time="0.002" /><testcase classname="tests.test_missals_iter41" name="test_missal_out_of_range_section" time="0.003" /></testsuite></testsuites>