<?xml version="1.0" encoding="utf-8"?><testsuites name="pytest tests"><testsuite name="pytest" errors="0" failures="0" skipped="0" tests="10" time="0.124" timestamp="2026-06-10T11:10:01.626556+00:00" hostname="agent-env-fc5799df-9b8b-46e1-9046-8eb2561003f0"><testcase classname="test_challenges_phase2.TestCompanions" name="test_requires_auth" time="0.031" /><testcase classname="test_challenges_phase2.TestCompanions" name="test_shape_for_user_with_enrolled_friend" time="0.004" /><testcase classname="test_challenges_phase2.TestCompanions" name="test_lonely_user_returns_empty" time="0.003" /><testcase classname="test_challenges_phase2.TestCompanions" name="test_valid_slugs[hallowtide]" time="0.008" /><testcase classname="test_challenges_phase2.TestCompanions" name="test_valid_slugs[advent]" time="0.007" /><testcase classname="test_challenges_phase2.TestCompanions" name="test_valid_slugs[lent]" time="0.007" /><testcase classname="test_challenges_phase2.TestCompanions" name="test_unknown_slug_is_404" time="0.002" /><testcase classname="test_challenges_phase2.TestCommunityChallengePosts" name="test_post_with_challenge_echoes_ref" time="0.023" /><testcase classname="test_challenges_phase2.TestCommunityChallengePosts" name="test_post_without_challenge_is_null" time="0.002" /><testcase classname="test_challenges_phase2.TestCommunityChallengePosts" name="test_legacy_posts_have_null_challenge_in_feed" time="0.006" /></testsuite></testsuites>