<?xml version="1.0" encoding="utf-8"?><testsuites name="pytest tests"><testsuite name="pytest" errors="0" failures="0" skipped="0" tests="6" time="0.754" timestamp="2026-06-20T02:34:53.631620+00:00" hostname="agent-env-6b263582-921a-46ca-bab1-9c1709d26256"><testcase classname="backend.tests.test_in_the_world_iter46.TestInTheWorldList" name="test_requires_auth" time="0.174" /><testcase classname="backend.tests.test_in_the_world_iter46.TestInTheWorldList" name="test_list_returns_10_items" time="0.123" /><testcase classname="backend.tests.test_in_the_world_iter46.TestInTheWorldDetail" name="test_invalid_slug_returns_404" time="0.104" /><testcase classname="backend.tests.test_in_the_world_iter46.TestInTheWorldDetail" name="test_divine_office_no_such_issue" time="0.103" /><testcase classname="backend.tests.test_in_the_world_iter46.TestInTheWorldDetail" name="test_get_common_good_full_content" time="0.101" /><testcase classname="backend.tests.test_in_the_world_iter46.TestInTheWorldDetail" name="test_caching_second_call_fast" time="0.132" /></testsuite></testsuites>