<?xml version="1.0" encoding="utf-8"?><testsuites name="pytest tests"><testsuite name="pytest" errors="0" failures="0" skipped="0" tests="15" time="4.416" timestamp="2026-06-10T17:16:53.292834+00:00" hostname="agent-env-fc5799df-9b8b-46e1-9046-8eb2561003f0"><testcase classname="backend.tests.test_library_phase1" name="test_list_books_unauthed" time="0.333" /><testcase classname="backend.tests.test_library_phase1" name="test_list_books_invalid_token" time="0.157" /><testcase classname="backend.tests.test_library_phase1" name="test_list_books_published_15" time="0.119" /><testcase classname="backend.tests.test_library_phase1" name="test_get_book_practice_presence_progress_null" time="0.157" /><testcase classname="backend.tests.test_library_phase1" name="test_get_chapter_0_has_body" time="0.131" /><testcase classname="backend.tests.test_library_phase1" name="test_save_progress_and_echo_in_get_book" time="0.493" /><testcase classname="backend.tests.test_library_phase1" name="test_external_book_catechism" time="0.122" /><testcase classname="backend.tests.test_library_phase1" name="test_chapter_out_of_range_404" time="0.182" /><testcase classname="backend.tests.test_library_phase1" name="test_book_not_found_404" time="0.117" /><testcase classname="backend.tests.test_library_phase1" name="test_admin_list_403_for_regular_user" time="0.180" /><testcase classname="backend.tests.test_library_phase1" name="test_admin_create_403_for_regular_user" time="0.120" /><testcase classname="backend.tests.test_library_phase1" name="test_admin_endpoints_401_no_token" time="0.141" /><testcase classname="backend.tests.test_library_phase1" name="test_admin_full_crud_flow" time="1.869" /><testcase classname="backend.tests.test_library_phase1" name="test_admin_create_duplicate_slug_409" time="0.120" /><testcase classname="backend.tests.test_library_phase1" name="test_progress_validation_rejects_bad_scroll_pct" time="0.130" /></testsuite></testsuites>