<?xml version="1.0" encoding="utf-8"?><testsuites name="pytest tests"><testsuite name="pytest" errors="0" failures="0" skipped="0" tests="19" time="14.691" timestamp="2026-06-09T20:53:29.504271+00:00" hostname="agent-env-fc5799df-9b8b-46e1-9046-8eb2561003f0"><testcase classname="backend.tests.test_saints.TestAuthGating" name="test_today_requires_auth" time="0.268" /><testcase classname="backend.tests.test_saints.TestAuthGating" name="test_admin_endpoints_require_admin" time="0.004" /><testcase classname="backend.tests.test_saints.TestAuthGating" name="test_admin_propose_requires_admin" time="0.043" /><testcase classname="backend.tests.test_saints.TestAuthGating" name="test_admin_manual_requires_admin" time="0.043" /><testcase classname="backend.tests.test_saints.TestTodayEndpoint" name="test_bad_date_format_returns_400" time="0.043" /><testcase classname="backend.tests.test_saints.TestTodayEndpoint" name="test_today_with_no_approved_returns_null_primary" time="0.045" /><testcase classname="backend.tests.test_saints.TestHappyPath" name="test_full_lifecycle" time="0.143" /><testcase classname="backend.tests.test_saints.TestApprovalValidation" name="test_approve_with_empty_quote_returns_400" time="0.004" /><testcase classname="backend.tests.test_saints.TestApprovalValidation" name="test_approve_with_empty_quote_source_returns_400" time="0.044" /><testcase classname="backend.tests.test_saints.TestApprovalValidation" name="test_approve_unknown_id_returns_404" time="0.043" /><testcase classname="backend.tests.test_saints.TestAdminList" name="test_admin_list_filters_by_status" time="0.046" /><testcase classname="backend.tests.test_saints.TestAdminList" name="test_draft_is_not_visible_via_public_get" time="0.004" /><testcase classname="backend.tests.test_saints.TestAdminList" name="test_rejected_is_not_visible_via_public_get" time="0.043" /><testcase classname="backend.tests.test_saints.TestAdminList" name="test_reject_endpoint" time="0.005" /><testcase classname="backend.tests.test_saints.TestTodaySelection" name="test_primary_vs_secondary_ordering" time="0.045" /><testcase classname="backend.tests.test_saints.TestTodaySelection" name="test_fallback_rotation_when_no_feast_match" time="0.047" /><testcase classname="backend.tests.test_saints.TestAdminPatch" name="test_patch_updates_fields" time="0.006" /><testcase classname="backend.tests.test_saints.TestAdminPatch" name="test_patch_invalid_rank_returns_400" time="0.045" /><testcase classname="backend.tests.test_saints.TestProposeOptional" name="test_propose_creates_draft_or_502" time="13.678" /></testsuite></testsuites>