<?xml version="1.0" encoding="utf-8"?><testsuites name="pytest tests"><testsuite name="pytest" errors="0" failures="0" skipped="0" tests="25" time="22.005" timestamp="2026-06-08T23:30:53.810993+00:00" hostname="agent-env-fc5799df-9b8b-46e1-9046-8eb2561003f0"><testcase classname="backend.tests.test_sanctus_backend.TestHealth" name="test_root_health" time="0.004" /><testcase classname="backend.tests.test_sanctus_backend.TestLiturgical" name="test_friday_ordinary_time_abstinence" time="0.042" /><testcase classname="backend.tests.test_sanctus_backend.TestLiturgical" name="test_good_friday_2026" time="0.044" /><testcase classname="backend.tests.test_sanctus_backend.TestLiturgical" name="test_easter_sunday_2026" time="0.043" /><testcase classname="backend.tests.test_sanctus_backend.TestLiturgical" name="test_christmas_2026" time="0.042" /><testcase classname="backend.tests.test_sanctus_backend.TestLiturgical" name="test_ash_wednesday_2026" time="0.042" /><testcase classname="backend.tests.test_sanctus_backend.TestLiturgical" name="test_invalid_date_format" time="0.043" /><testcase classname="backend.tests.test_sanctus_backend.TestLiturgical" name="test_month_april_2026_lent_to_easter" time="0.043" /><testcase classname="backend.tests.test_sanctus_backend.TestLiturgical" name="test_invalid_month" time="0.043" /><testcase classname="backend.tests.test_sanctus_backend.TestAuthUnauth" name="test_me_no_token" time="0.042" /><testcase classname="backend.tests.test_sanctus_backend.TestAuthUnauth" name="test_session_invalid" time="0.153" /><testcase classname="backend.tests.test_sanctus_backend.TestAuthUnauth" name="test_preferences_no_token" time="0.042" /><testcase classname="backend.tests.test_sanctus_backend.TestAuthUnauth" name="test_meals_no_token" time="0.043" /><testcase classname="backend.tests.test_sanctus_backend.TestAuthenticatedFlow" name="test_auth_me" time="0.032" /><testcase classname="backend.tests.test_sanctus_backend.TestAuthenticatedFlow" name="test_preferences_default" time="0.043" /><testcase classname="backend.tests.test_sanctus_backend.TestAuthenticatedFlow" name="test_preferences_update" time="0.090" /><testcase classname="backend.tests.test_sanctus_backend.TestAIGeneration" name="test_meal_structure" time="11.490" /><testcase classname="backend.tests.test_sanctus_backend.TestAIGeneration" name="test_friday_abstinence_no_meat" time="0.000" /><testcase classname="backend.tests.test_sanctus_backend.TestAIGeneration" name="test_workout_structure" time="9.509" /><testcase classname="backend.tests.test_sanctus_backend.TestAIGeneration" name="test_sunday_rest_content" time="0.000" /><testcase classname="backend.tests.test_sanctus_backend.TestMealWorkoutRetrieval" name="test_get_meal_persists" time="0.044" /><testcase classname="backend.tests.test_sanctus_backend.TestMealWorkoutRetrieval" name="test_meals_week" time="0.045" /><testcase classname="backend.tests.test_sanctus_backend.TestMealWorkoutRetrieval" name="test_workouts_week" time="0.044" /><testcase classname="backend.tests.test_sanctus_backend.TestMealWorkoutRetrieval" name="test_meals_week_bad_date" time="0.044" /><testcase classname="backend.tests.test_sanctus_backend.TestLogout" name="test_logout_removes_session" time="0.008" /></testsuite></testsuites>