<?xml version="1.0" encoding="utf-8"?><testsuites name="pytest tests"><testsuite name="pytest" errors="0" failures="0" skipped="0" tests="10" time="1.362" timestamp="2026-06-26T03:23:10.956540+00:00" hostname="agent-env-6b263582-921a-46ca-bab1-9c1709d26256"><testcase classname="backend.tests.test_iter68_sites_bbox.TestAuth" name="test_bbox_requires_auth" time="0.126" /><testcase classname="backend.tests.test_iter68_sites_bbox.TestWorldView" name="test_world_view_curated_only" time="0.178" /><testcase classname="backend.tests.test_iter68_sites_bbox.TestCityViews" name="test_rome" time="0.126" /><testcase classname="backend.tests.test_iter68_sites_bbox.TestCityViews" name="test_rome_cache_repeat" time="0.268" /><testcase classname="backend.tests.test_iter68_sites_bbox.TestCityViews" name="test_london" time="0.111" /><testcase classname="backend.tests.test_iter68_sites_bbox.TestCityViews" name="test_paris" time="0.114" /><testcase classname="backend.tests.test_iter68_sites_bbox.TestSpanGuard" name="test_large_bbox_high_zoom_skips_osm" time="0.111" /><testcase classname="backend.tests.test_iter68_sites_bbox.TestRegression" name="test_sites_list" time="0.132" /><testcase classname="backend.tests.test_iter68_sites_bbox.TestRegression" name="test_sites_nearby_rome" time="0.113" /><testcase classname="backend.tests.test_iter68_sites_bbox.TestRegression" name="test_lourdes_slug" time="0.048" /></testsuite></testsuites>