<?xml version="1.0" encoding="utf-8"?><testsuites name="pytest tests"><testsuite name="pytest" errors="0" failures="0" skipped="0" tests="17" time="9.221" timestamp="2026-06-09T03:02:36.014303+00:00" hostname="agent-env-fc5799df-9b8b-46e1-9046-8eb2561003f0"><testcase classname="backend.tests.test_catechism.TestCatechismToday" name="test_today_requires_auth" time="0.161" /><testcase classname="backend.tests.test_catechism.TestCatechismToday" name="test_today_returns_shape" time="0.169" /><testcase classname="backend.tests.test_catechism.TestCatechismToday" name="test_today_is_idempotent" time="0.103" /><testcase classname="backend.tests.test_catechism.TestCatechismToday" name="test_distinct_dates_yield_distinct_teachings" time="0.557" /><testcase classname="backend.tests.test_catechism.TestCatechismToday" name="test_advent_returns_advent_themed_teaching" time="0.058" /><testcase classname="backend.tests.test_catechism.TestCatechismToday" name="test_lent_returns_lent_themed_teaching" time="0.051" /><testcase classname="backend.tests.test_catechism.TestCatechismToday" name="test_easter_returns_easter_themed_teaching" time="0.059" /><testcase classname="backend.tests.test_catechism.TestCatechismTeachingById" name="test_get_known_teaching" time="0.052" /><testcase classname="backend.tests.test_catechism.TestCatechismTeachingById" name="test_get_unknown_teaching_404" time="0.053" /><testcase classname="backend.tests.test_catechism.TestCatechismReflect" name="test_reflect_returns_nonempty_text" time="7.496" /><testcase classname="backend.tests.test_catechism.TestCatechismReflect" name="test_reflect_unknown_teaching_404" time="0.055" /><testcase classname="backend.tests.test_catechism.TestCatechismSaveToJournal" name="test_save_writes_to_journal_collection" time="0.109" /><testcase classname="backend.tests.test_catechism.TestCatechismSaveToJournal" name="test_assignment_marked_saved" time="0.053" /><testcase classname="backend.tests.test_catechism.TestCatechismSaveToJournal" name="test_save_unknown_teaching_404" time="0.053" /><testcase classname="backend.tests.test_catechism.TestJournalFilter" name="test_catechism_filter_includes_saved" time="0.055" /><testcase classname="backend.tests.test_catechism.TestJournalFilter" name="test_free_filter_excludes_catechism" time="0.057" /><testcase classname="backend.tests.test_catechism.TestCatechismHistory" name="test_history_lists_assignments" time="0.056" /></testsuite></testsuites>