<?xml version="1.0" encoding="utf-8"?><testsuites name="pytest tests"><testsuite name="pytest" errors="0" failures="0" skipped="0" tests="9" time="1.282" timestamp="2026-07-01T02:30:56.922786+00:00" hostname="agent-env-6b263582-921a-46ca-bab1-9c1709d26256"><testcase classname="tests.test_prayer_journal_iter78.TestAuth" name="test_list_requires_auth" time="0.321" /><testcase classname="tests.test_prayer_journal_iter78.TestAuth" name="test_create_requires_auth" time="0.122" /><testcase classname="tests.test_prayer_journal_iter78.TestPrayerCRUD" name="test_create_returns_expected_shape" time="0.124" /><testcase classname="tests.test_prayer_journal_iter78.TestPrayerCRUD" name="test_empty_body_returns_400" time="0.055" /><testcase classname="tests.test_prayer_journal_iter78.TestPrayerCRUD" name="test_list_includes_created" time="0.072" /><testcase classname="tests.test_prayer_journal_iter78.TestPrayerCRUD" name="test_anonymous_post_hides_author" time="0.108" /><testcase classname="tests.test_prayer_journal_iter78.TestPrayerCRUD" name="test_toggle_pray_on_then_off" time="0.227" /><testcase classname="tests.test_prayer_journal_iter78.TestPrayerCRUD" name="test_delete_non_existent_returns_404" time="0.053" /><testcase classname="tests.test_prayer_journal_iter78.TestPrayerCRUD" name="test_delete_by_author_ok_and_gone" time="0.169" /></testsuite></testsuites>