<?xml version="1.0" encoding="utf-8"?><testsuites name="pytest tests"><testsuite name="pytest" errors="0" failures="0" skipped="0" tests="12" time="1.715" timestamp="2026-06-27T22:55:18.901993+00:00" hostname="agent-env-6b263582-921a-46ca-bab1-9c1709d26256"><testcase classname="backend.tests.test_miracles_live_feed_iter75.TestShape" name="test_returns_server_time_iso" time="0.262" /><testcase classname="backend.tests.test_miracles_live_feed_iter75.TestShape" name="test_items_have_process_object" time="0.105" /><testcase classname="backend.tests.test_miracles_live_feed_iter75.TestLadderSelection" name="test_eucharistic_lanciano_uses_eucharistic_ladder" time="0.126" /><testcase classname="backend.tests.test_miracles_live_feed_iter75.TestLadderSelection" name="test_marian_uses_apparition_ladder" time="0.114" /><testcase classname="backend.tests.test_miracles_live_feed_iter75.TestLadderSelection" name="test_investigating_filter_has_current_in_middle" time="0.100" /><testcase classname="backend.tests.test_miracles_live_feed_iter75.TestSearch" name="test_search_lanciano_match" time="0.152" /><testcase classname="backend.tests.test_miracles_live_feed_iter75.TestSearch" name="test_search_accent_insensitive_fatima" time="0.105" /><testcase classname="backend.tests.test_miracles_live_feed_iter75.TestSearch" name="test_search_no_match" time="0.097" /><testcase classname="backend.tests.test_miracles_live_feed_iter75.TestCombined" name="test_combine_verdict_and_type" time="0.153" /><testcase classname="backend.tests.test_miracles_live_feed_iter75.TestCombined" name="test_combine_search_and_verdict" time="0.102" /><testcase classname="backend.tests.test_miracles_live_feed_iter75.TestCombined" name="test_invalid_filter_ignored" time="0.261" /><testcase classname="backend.tests.test_miracles_live_feed_iter75.TestCombined" name="test_no_filters_returns_all_published" time="0.100" /></testsuite></testsuites>