<?xml version="1.0" encoding="utf-8"?><testsuites name="pytest tests"><testsuite name="pytest" errors="0" failures="0" skipped="0" tests="15" time="22.839" timestamp="2026-06-25T20:16:29.552638+00:00" hostname="agent-env-6b263582-921a-46ca-bab1-9c1709d26256"><testcase classname="backend.tests.test_novenas_iter61" name="test_list_returns_11_novenas" time="0.443" /><testcase classname="backend.tests.test_novenas_iter61" name="test_list_no_active_after_stop" time="0.690" /><testcase classname="backend.tests.test_novenas_iter61" name="test_detail_divine_mercy_has_day_intentions" time="0.149" /><testcase classname="backend.tests.test_novenas_iter61" name="test_detail_st_therese_no_day_intentions" time="0.112" /><testcase classname="backend.tests.test_novenas_iter61" name="test_detail_unknown_slug_404" time="0.102" /><testcase classname="backend.tests.test_novenas_iter61" name="test_start_and_complete_day" time="0.489" /><testcase classname="backend.tests.test_novenas_iter61" name="test_complete_day_invalid" time="0.215" /><testcase classname="backend.tests.test_novenas_iter61" name="test_start_conflict_returns_409" time="0.105" /><testcase classname="backend.tests.test_novenas_iter61" name="test_restart_same_slug_resets_progress" time="0.098" /><testcase classname="backend.tests.test_novenas_iter61" name="test_invalid_start_date_400" time="0.211" /><testcase classname="backend.tests.test_novenas_iter61" name="test_stop_clears_active" time="0.546" /><testcase classname="backend.tests.test_novenas_iter61" name="test_reflection_day_returns_text_and_caches" time="5.798" /><testcase classname="backend.tests.test_novenas_iter61" name="test_reflection_invalid_day" time="0.227" /><testcase classname="backend.tests.test_novenas_iter61" name="test_detail_spanish_localized" time="4.445" /><testcase classname="backend.tests.test_novenas_iter61" name="test_list_italian_localized" time="9.168" /></testsuite></testsuites>