<?xml version="1.0" encoding="utf-8"?><testsuites name="pytest tests"><testsuite name="pytest" errors="0" failures="0" skipped="0" tests="33" time="4.592" timestamp="2026-06-09T22:17:43.601404+00:00" hostname="agent-env-fc5799df-9b8b-46e1-9046-8eb2561003f0"><testcase classname="backend.tests.test_shop.TestAuthGating" name="test_unauth_products_list" time="0.171" /><testcase classname="backend.tests.test_shop.TestAuthGating" name="test_unauth_admin_products" time="0.161" /><testcase classname="backend.tests.test_shop.TestAuthGating" name="test_unauth_checkout" time="0.119" /><testcase classname="backend.tests.test_shop.TestAuthGating" name="test_unauth_orders" time="0.131" /><testcase classname="backend.tests.test_shop.TestAuthGating" name="test_nonadmin_admin_list_products" time="0.185" /><testcase classname="backend.tests.test_shop.TestAuthGating" name="test_nonadmin_admin_create_product" time="0.110" /><testcase classname="backend.tests.test_shop.TestAuthGating" name="test_nonadmin_admin_orders" time="0.119" /><testcase classname="backend.tests.test_shop.TestAdminProductCRUD" name="test_create_product_success" time="0.105" /><testcase classname="backend.tests.test_shop.TestAdminProductCRUD" name="test_create_product_short_name_422" time="0.094" /><testcase classname="backend.tests.test_shop.TestAdminProductCRUD" name="test_create_product_low_price_422" time="0.125" /><testcase classname="backend.tests.test_shop.TestAdminProductCRUD" name="test_patch_product" time="0.116" /><testcase classname="backend.tests.test_shop.TestAdminProductCRUD" name="test_patch_invalid_status" time="0.117" /><testcase classname="backend.tests.test_shop.TestAdminProductCRUD" name="test_patch_invalid_price" time="0.112" /><testcase classname="backend.tests.test_shop.TestAdminProductCRUD" name="test_patch_nonexistent_404" time="0.121" /><testcase classname="backend.tests.test_shop.TestAdminProductCRUD" name="test_public_list_excludes_archived" time="0.694" /><testcase classname="backend.tests.test_shop.TestAdminProductCRUD" name="test_delete_archives" time="0.230" /><testcase classname="backend.tests.test_shop.TestAdminProductCRUD" name="test_delete_nonexistent_404" time="0.126" /><testcase classname="backend.tests.test_shop.TestAdminProductCRUD" name="test_get_product_detail" time="0.123" /><testcase classname="backend.tests.test_shop.TestStripeDisabled" name="test_checkout_returns_503" time="0.141" /><testcase classname="backend.tests.test_shop.TestStripeDisabled" name="test_reconcile_returns_503" time="0.126" /><testcase classname="backend.tests.test_shop.TestStripeDisabled" name="test_webhook_returns_503" time="0.122" /><testcase classname="backend.tests.test_shop.TestOrdersFlow" name="test_seed_paid_order" time="0.001" /><testcase classname="backend.tests.test_shop.TestOrdersFlow" name="test_user_lists_own_orders" time="0.105" /><testcase classname="backend.tests.test_shop.TestOrdersFlow" name="test_owner_gets_order_detail" time="0.138" /><testcase classname="backend.tests.test_shop.TestOrdersFlow" name="test_other_user_gets_403_not_404" time="0.110" /><testcase classname="backend.tests.test_shop.TestOrdersFlow" name="test_order_not_found_404" time="0.121" /><testcase classname="backend.tests.test_shop.TestOrdersFlow" name="test_admin_can_read_any_order" time="0.123" /><testcase classname="backend.tests.test_shop.TestOrdersFlow" name="test_admin_list_orders_filter_paid" time="0.141" /><testcase classname="backend.tests.test_shop.TestOrdersFlow" name="test_admin_set_tracking_empty_400" time="0.148" /><testcase classname="backend.tests.test_shop.TestOrdersFlow" name="test_admin_set_tracking_success" time="0.117" /><testcase classname="backend.tests.test_shop.TestOrdersFlow" name="test_admin_set_tracking_missing_order_404" time="0.102" /><testcase classname="backend.tests.test_shop.TestOrdersFlow" name="test_nonadmin_set_tracking_403" time="0.104" /><testcase classname="backend.tests.test_shop" name="test_cleanup_products" time="0.004" /></testsuite></testsuites>