<?xml version="1.0" encoding="utf-8"?><testsuites name="pytest tests"><testsuite name="pytest" errors="0" failures="0" skipped="0" tests="7" time="0.701" timestamp="2026-07-01T11:09:03.302194+00:00" hostname="agent-env-6b263582-921a-46ca-bab1-9c1709d26256"><testcase classname="tests.test_catechism_ccc.TestCCCListing" name="test_ccc_present_in_library_books_listing" time="0.368" /><testcase classname="tests.test_catechism_ccc.TestCCCBookDetail" name="test_book_detail_returns_374_chapter_metas" time="0.060" /><testcase classname="tests.test_catechism_ccc.TestCCCBookDetail" name="test_get_chapter_60_has_body_and_subtitle" time="0.049" /><testcase classname="tests.test_catechism_ccc.TestCCCBookDetail" name="test_out_of_range_chapter_returns_404" time="0.050" /><testcase classname="tests.test_catechism_ccc.TestCCCBookDetail" name="test_chapter_0_prologue_body" time="0.051" /><testcase classname="tests.test_catechism_ccc.TestPatrisCordeRegression" name="test_patris_corde_opens_with_multiple_chapters" time="0.047" /><testcase classname="tests.test_catechism_ccc.TestPatrisCordeRegression" name="test_patris_corde_chapter_0_readable" time="0.047" /></testsuite></testsuites>