<?xml version="1.0" encoding="utf-8"?><testsuites name="pytest tests"><testsuite name="pytest" errors="0" failures="0" skipped="0" tests="9" time="3.557" timestamp="2026-06-26T02:13:59.478854+00:00" hostname="agent-env-6b263582-921a-46ca-bab1-9c1709d26256"><testcase classname="backend.tests.test_iter65_sites_devotions.TestSitesExpansion" name="test_sites_count_133_countries_62" time="0.313" /><testcase classname="backend.tests.test_iter65_sites_devotions.TestSitesExpansion" name="test_sites_seed_idempotent_twice" time="0.307" /><testcase classname="backend.tests.test_iter65_sites_devotions.TestSitesExpansion" name="test_persecuted_count_six" time="0.196" /><testcase classname="backend.tests.test_iter65_sites_devotions.TestNewSitesBySlug" name="test_each_new_slug_resolves_with_name_and_fields" time="0.555" /><testcase classname="backend.tests.test_iter65_sites_devotions.TestCompanionDevotions" name="test_marriage_companions_have_devotions" time="0.477" /><testcase classname="backend.tests.test_iter65_sites_devotions.TestCompanionDevotions" name="test_religious_life_companions_have_devotions" time="0.369" /><testcase classname="backend.tests.test_iter65_sites_devotions.TestCompanionDevotions" name="test_singleness_companions_have_devotions" time="0.321" /><testcase classname="backend.tests.test_iter65_sites_devotions.TestCompanionDevotionsI18n" name="test_es_and_it_localize_companion_devotions" time="0.665" /><testcase classname="backend.tests.test_iter65_sites_devotions" name="test_zz_reset_test_account" time="0.314" /></testsuite></testsuites>