<?xml version="1.0" encoding="utf-8"?><testsuites name="pytest tests"><testsuite name="pytest" errors="0" failures="0" skipped="0" tests="5" time="3.131" timestamp="2026-06-25T07:08:37.150554+00:00" hostname="agent-env-6b263582-921a-46ca-bab1-9c1709d26256"><testcase classname="backend.tests.test_readings_i18n_iter56" name="test_readings_english_baseline" time="0.230" /><testcase classname="backend.tests.test_readings_i18n_iter56" name="test_readings_italian_translated" time="0.042" /><testcase classname="backend.tests.test_readings_i18n_iter56" name="test_readings_spanish_translated" time="0.043" /><testcase classname="backend.tests.test_readings_i18n_iter56" name="test_readings_italian_cached_second_call_fast" time="0.043" /><testcase classname="backend.tests.test_readings_i18n_iter56" name="test_translate_endpoint_italian" time="2.747" /></testsuite></testsuites>