<?xml version="1.0" encoding="utf-8"?><testsuites name="pytest tests"><testsuite name="pytest" errors="0" failures="0" skipped="0" tests="16" time="0.916" timestamp="2026-06-08T23:11:36.989939+00:00" hostname="agent-env-fc5799df-9b8b-46e1-9046-8eb2561003f0"><testcase classname="backend.tests.test_sanctus_backend.TestHealth" name="test_root_health" time="0.004" /><testcase classname="backend.tests.test_sanctus_backend.TestLiturgical" name="test_friday_ordinary_time_abstinence" time="0.046" /><testcase classname="backend.tests.test_sanctus_backend.TestLiturgical" name="test_good_friday_2026" time="0.042" /><testcase classname="backend.tests.test_sanctus_backend.TestLiturgical" name="test_easter_sunday_2026" time="0.042" /><testcase classname="backend.tests.test_sanctus_backend.TestLiturgical" name="test_christmas_2026" time="0.043" /><testcase classname="backend.tests.test_sanctus_backend.TestLiturgical" name="test_ash_wednesday_2026" time="0.042" /><testcase classname="backend.tests.test_sanctus_backend.TestLiturgical" name="test_invalid_date_format" time="0.042" /><testcase classname="backend.tests.test_sanctus_backend.TestLiturgical" name="test_month_april_2026_lent_to_easter" time="0.043" /><testcase classname="backend.tests.test_sanctus_backend.TestLiturgical" name="test_invalid_month" time="0.042" /><testcase classname="backend.tests.test_sanctus_backend.TestAuthUnauth" name="test_me_no_token" time="0.043" /><testcase classname="backend.tests.test_sanctus_backend.TestAuthUnauth" name="test_session_invalid" time="0.164" /><testcase classname="backend.tests.test_sanctus_backend.TestAuthUnauth" name="test_preferences_no_token" time="0.042" /><testcase classname="backend.tests.test_sanctus_backend.TestAuthUnauth" name="test_meals_no_token" time="0.043" /><testcase classname="backend.tests.test_sanctus_backend.TestAuthenticatedFlow" name="test_auth_me" time="0.086" /><testcase classname="backend.tests.test_sanctus_backend.TestAuthenticatedFlow" name="test_preferences_default" time="0.047" /><testcase classname="backend.tests.test_sanctus_backend.TestAuthenticatedFlow" name="test_preferences_update" time="0.110" /></testsuite></testsuites>