<?xml version="1.0" encoding="utf-8"?><testsuites name="pytest tests"><testsuite name="pytest" errors="0" failures="0" skipped="0" tests="10" time="34.647" timestamp="2026-06-26T01:12:31.013772+00:00" hostname="agent-env-6b263582-921a-46ca-bab1-9c1709d26256"><testcase classname="backend.tests.test_iter63_vocation_sites.TestSites" name="test_sites_count_78_countries_55" time="0.587" /><testcase classname="backend.tests.test_iter63_vocation_sites.TestSites" name="test_sites_schema_fields_present" time="0.202" /><testcase classname="backend.tests.test_iter63_vocation_sites.TestSites" name="test_sites_seed_idempotent" time="0.246" /><testcase classname="backend.tests.test_iter63_vocation_sites.TestVocationGuide" name="test_no_vocation_returns_has_vocation_false" time="0.683" /><testcase classname="backend.tests.test_iter63_vocation_sites.TestVocationGuide" name="test_guide_has_required_fields_living_marriage" time="0.350" /><testcase classname="backend.tests.test_iter63_vocation_sites.TestVocationGuide" name="test_traditions_differ_between_discerning_and_living" time="0.651" /><testcase classname="backend.tests.test_iter63_vocation_sites.TestVocationGuide" name="test_guide_i18n_es_and_it" time="30.303" /><testcase classname="backend.tests.test_iter63_vocation_sites.TestPreferencesPersistence" name="test_companion_saint_does_not_wipe_other_fields" time="0.636" /><testcase classname="backend.tests.test_iter63_vocation_sites.TestPreferencesPersistence" name="test_vocation_state_toggle_persists" time="0.566" /><testcase classname="backend.tests.test_iter63_vocation_sites" name="test_zz_reset_test_account" time="0.379" /></testsuite></testsuites>