<?xml version="1.0" encoding="utf-8"?><testsuites name="pytest tests"><testsuite name="pytest" errors="0" failures="0" skipped="0" tests="10" time="1.580" timestamp="2026-07-02T16:26:59.491987+00:00" hostname="agent-env-6b263582-921a-46ca-bab1-9c1709d26256"><testcase classname="backend.tests.test_iter86_bible_food.TestBibleTranslations" name="test_default_douayrheims" time="0.391" /><testcase classname="backend.tests.test_iter86_bible_food.TestBibleTranslations" name="test_vulgate_john" time="0.100" /><testcase classname="backend.tests.test_iter86_bible_food.TestBibleTranslations" name="test_douayrheims_explicit_still_english" time="0.100" /><testcase classname="backend.tests.test_iter86_bible_food.TestBibleTranslations" name="test_vulgate_deuterocanonical_tobit" time="0.385" /><testcase classname="backend.tests.test_iter86_bible_food.TestFoodTraditions" name="test_list_all" time="0.101" /><testcase classname="backend.tests.test_iter86_bible_food.TestFoodTraditions" name="test_day_christmas" time="0.093" /><testcase classname="backend.tests.test_iter86_bible_food.TestFoodTraditions" name="test_day_lent_season" time="0.092" /><testcase classname="backend.tests.test_iter86_bible_food.TestFoodTraditions" name="test_bad_slug_returns_404" time="0.092" /><testcase classname="backend.tests.test_iter86_bible_food.TestFoodTraditions" name="test_valid_slug_kings_cake" time="0.092" /><testcase classname="backend.tests.test_iter86_bible_food.TestFoodTraditions" name="test_bad_date_format" time="0.096" /></testsuite></testsuites>