<?xml version="1.0" encoding="utf-8"?><testsuites name="pytest tests"><testsuite name="pytest" errors="0" failures="0" skipped="0" tests="56" time="37.681" timestamp="2026-06-08T16:03:46.779412+00:00" hostname="agent-env-fc5799df-9b8b-46e1-9046-8eb2561003f0"><testcase classname="backend.tests.test_community.TestTopics" name="test_topics_requires_auth" time="0.252" /><testcase classname="backend.tests.test_community.TestTopics" name="test_topics_returns_items_and_reasons" time="0.062" /><testcase classname="backend.tests.test_community.TestPostCRUD" name="test_create_post_empty_body_400" time="0.064" /><testcase classname="backend.tests.test_community.TestPostCRUD" name="test_create_post_unknown_topic_400" time="0.061" /><testcase classname="backend.tests.test_community.TestPostCRUD" name="test_create_post_a" time="0.070" /><testcase classname="backend.tests.test_community.TestPostCRUD" name="test_create_post_b" time="0.069" /><testcase classname="backend.tests.test_community.TestPostCRUD" name="test_get_post_by_id" time="0.074" /><testcase classname="backend.tests.test_community.TestPostCRUD" name="test_get_post_missing_404" time="0.062" /><testcase classname="backend.tests.test_community.TestPostCRUD" name="test_delete_post_non_author_403" time="0.061" /><testcase classname="backend.tests.test_community.TestPostCRUD" name="test_delete_post_missing_404" time="0.064" /><testcase classname="backend.tests.test_community.TestFeed" name="test_feed_global" time="0.072" /><testcase classname="backend.tests.test_community.TestFeed" name="test_feed_sorted_desc" time="0.063" /><testcase classname="backend.tests.test_community.TestFeed" name="test_feed_topic_filter" time="0.063" /><testcase classname="backend.tests.test_community.TestFeed" name="test_feed_unknown_topic_400" time="0.062" /><testcase classname="backend.tests.test_community.TestFeed" name="test_feed_limit_clamped" time="0.061" /><testcase classname="backend.tests.test_community.TestFeed" name="test_feed_before_cursor" time="0.069" /><testcase classname="backend.tests.test_community.TestFeed" name="test_feed_invalid_before_400" time="0.067" /><testcase classname="backend.tests.test_community.TestLike" name="test_like_then_unlike" time="0.196" /><testcase classname="backend.tests.test_community.TestLike" name="test_like_missing_post_404" time="0.065" /><testcase classname="backend.tests.test_community.TestReplies" name="test_reply_empty_400" time="0.063" /><testcase classname="backend.tests.test_community.TestReplies" name="test_reply_post_missing_404" time="0.068" /><testcase classname="backend.tests.test_community.TestReplies" name="test_create_reply" time="0.072" /><testcase classname="backend.tests.test_community.TestReplies" name="test_list_replies" time="0.063" /><testcase classname="backend.tests.test_community.TestReplies" name="test_reply_count_incremented" time="0.071" /><testcase classname="backend.tests.test_community.TestReplies" name="test_delete_reply_non_author_403" time="0.063" /><testcase classname="backend.tests.test_community.TestReplies" name="test_delete_reply_by_author" time="0.126" /><testcase classname="backend.tests.test_community.TestPeople" name="test_search_prefix" time="0.061" /><testcase classname="backend.tests.test_community.TestPeople" name="test_search_empty_returns_empty" time="0.061" /><testcase classname="backend.tests.test_community.TestPeople" name="test_search_by_email" time="0.063" /><testcase classname="backend.tests.test_community.TestPeople" name="test_recommended_excludes_self_and_max_12" time="0.065" /><testcase classname="backend.tests.test_community.TestPeople" name="test_user_profile" time="0.062" /><testcase classname="backend.tests.test_community.TestPeople" name="test_user_profile_self_flag" time="0.071" /><testcase classname="backend.tests.test_community.TestPeople" name="test_user_profile_404" time="0.063" /><testcase classname="backend.tests.test_community.TestDMs" name="test_dm_open_thread_self_400" time="0.066" /><testcase classname="backend.tests.test_community.TestDMs" name="test_dm_open_thread_unknown_404" time="0.061" /><testcase classname="backend.tests.test_community.TestDMs" name="test_dm_open_thread_a_to_b" time="0.073" /><testcase classname="backend.tests.test_community.TestDMs" name="test_dm_thread_idempotent_deterministic_key" time="0.063" /><testcase classname="backend.tests.test_community.TestDMs" name="test_dm_send_message_empty_400" time="0.063" /><testcase classname="backend.tests.test_community.TestDMs" name="test_dm_send_message_non_member_404" time="0.071" /><testcase classname="backend.tests.test_community.TestDMs" name="test_dm_send_message" time="0.085" /><testcase classname="backend.tests.test_community.TestDMs" name="test_dm_threads_inbox_has_unread_for_b" time="0.064" /><testcase classname="backend.tests.test_community.TestDMs" name="test_dm_messages_marks_read" time="0.431" /><testcase classname="backend.tests.test_community.TestDMs" name="test_dm_messages_non_member_404" time="0.062" /><testcase classname="backend.tests.test_community.TestReports" name="test_report_valid" time="0.074" /><testcase classname="backend.tests.test_community.TestReports" name="test_report_invalid_target_400" time="0.068" /><testcase classname="backend.tests.test_community.TestReports" name="test_report_invalid_reason_400" time="0.061" /><testcase classname="backend.tests.test_community.TestBlocking" name="test_block_user" time="0.067" /><testcase classname="backend.tests.test_community.TestBlocking" name="test_block_blocks_dm_send" time="0.129" /><testcase classname="backend.tests.test_community.TestBlocking" name="test_block_self_400" time="0.064" /><testcase classname="backend.tests.test_community.TestBlocking" name="test_unblock" time="0.131" /><testcase classname="backend.tests.test_community.TestPostDeleteOwn" name="test_delete_own_post" time="0.128" /><testcase classname="backend.tests.test_community.TestRegression" name="test_auth_me" time="0.063" /><testcase classname="backend.tests.test_community.TestRegression" name="test_bible_books_73" time="0.060" /><testcase classname="backend.tests.test_community.TestRegression" name="test_bible_chapter_john_3" time="0.116" /><testcase classname="backend.tests.test_community.TestRegression" name="test_wellness_profile" time="0.063" /><testcase classname="backend.tests.test_community.TestRegression" name="test_churches_nearby" time="33.041" /></testsuite></testsuites>