<?xml version="1.0" encoding="utf-8"?><testsuites name="pytest tests"><testsuite name="pytest" errors="0" failures="0" skipped="0" tests="16" time="0.669" timestamp="2026-06-11T20:18:40.660060+00:00" hostname="agent-env-fc5799df-9b8b-46e1-9046-8eb2561003f0"><testcase classname="backend.tests.test_dm_unread_iter39.TestUnreadCountAuth" name="test_requires_bearer_token" time="0.010" /><testcase classname="backend.tests.test_dm_unread_iter39.TestUnreadCountAuth" name="test_invalid_token" time="0.003" /><testcase classname="backend.tests.test_dm_unread_iter39.TestUnreadCountAuth" name="test_empty_user_returns_zero" time="0.005" /><testcase classname="backend.tests.test_dm_unread_iter39.TestOneOnOneUnreadFlow" name="test_full_flow" time="0.285" /><testcase classname="backend.tests.test_dm_unread_iter39.TestGroupDMUnread" name="test_group_flow" time="0.234" /><testcase classname="backend.tests.test_dm_unread_iter39.TestRegression" name="test_dm_threads_list" time="0.003" /><testcase classname="backend.tests.test_dm_unread_iter39.TestRegression" name="test_post_dm_thread_create" time="0.005" /><testcase classname="backend.tests.test_dm_unread_iter39.TestRegression" name="test_post_and_get_dm_messages" time="0.013" /><testcase classname="backend.tests.test_dm_unread_iter39.TestRegression" name="test_subscriptions_status_admin" time="0.004" /><testcase classname="backend.tests.test_dm_unread_iter39.TestRegression" name="test_subscriptions_status_free" time="0.003" /><testcase classname="backend.tests.test_dm_unread_iter39.TestRegression" name="test_auth_me_admin" time="0.003" /><testcase classname="backend.tests.test_dm_unread_iter39.TestRegression" name="test_auth_me_free" time="0.003" /><testcase classname="backend.tests.test_dm_unread_iter39.TestRegression" name="test_library_books_list" time="0.041" /><testcase classname="backend.tests.test_dm_unread_iter39.TestRegression" name="test_library_films_list" time="0.009" /><testcase classname="backend.tests.test_dm_unread_iter39.TestRegression" name="test_humanae_vitae_free_user_200" time="0.004" /><testcase classname="backend.tests.test_dm_unread_iter39.TestRegression" name="test_confessions_free_user_402" time="0.004" /></testsuite></testsuites>