<?xml version="1.0" encoding="utf-8"?><testsuites name="pytest tests"><testsuite name="pytest" errors="0" failures="0" skipped="0" tests="36" time="1.981" timestamp="2026-06-09T04:44:44.282822+00:00" hostname="agent-env-fc5799df-9b8b-46e1-9046-8eb2561003f0"><testcase classname="backend.tests.test_friends_groups.TestFriendStatusAndLifecycle" name="test_status_none_initially" time="0.051" /><testcase classname="backend.tests.test_friends_groups.TestFriendStatusAndLifecycle" name="test_self_status" time="0.044" /><testcase classname="backend.tests.test_friends_groups.TestFriendStatusAndLifecycle" name="test_request_friend_self_400" time="0.046" /><testcase classname="backend.tests.test_friends_groups.TestFriendStatusAndLifecycle" name="test_request_unknown_user_404" time="0.046" /><testcase classname="backend.tests.test_friends_groups.TestFriendStatusAndLifecycle" name="test_request_creates_pending" time="0.100" /><testcase classname="backend.tests.test_friends_groups.TestFriendStatusAndLifecycle" name="test_request_idempotent" time="0.048" /><testcase classname="backend.tests.test_friends_groups.TestFriendStatusAndLifecycle" name="test_sender_cannot_accept" time="0.046" /><testcase classname="backend.tests.test_friends_groups.TestFriendStatusAndLifecycle" name="test_recipient_accepts" time="0.060" /><testcase classname="backend.tests.test_friends_groups.TestFriendStatusAndLifecycle" name="test_request_after_accepted_400" time="0.046" /><testcase classname="backend.tests.test_friends_groups.TestFriendStatusAndLifecycle" name="test_decline_accepted_400" time="0.046" /><testcase classname="backend.tests.test_friends_groups.TestFriendStatusAndLifecycle" name="test_list_accepted_scoped" time="0.051" /><testcase classname="backend.tests.test_friends_groups.TestFriendStatusAndLifecycle" name="test_unfriend_idempotent" time="0.133" /><testcase classname="backend.tests.test_friends_groups.TestFriendStatusAndLifecycle" name="test_decline_cancels_outgoing" time="0.136" /><testcase classname="backend.tests.test_friends_groups.TestFriendStatusAndLifecycle" name="test_decline_noop_when_no_edge" time="0.044" /><testcase classname="backend.tests.test_friends_groups.TestFriendStatusAndLifecycle" name="test_incoming_outgoing_lists" time="0.141" /><testcase classname="backend.tests.test_friends_groups.TestFriendStatusAndLifecycle" name="test_list_invalid_status_400" time="0.044" /><testcase classname="backend.tests.test_friends_groups.TestGroupDMs" name="test_create_group_requires_2_others" time="0.045" /><testcase classname="backend.tests.test_friends_groups.TestGroupDMs" name="test_create_group_unknown_user_404" time="0.044" /><testcase classname="backend.tests.test_friends_groups.TestGroupDMs" name="test_create_group_success" time="0.063" /><testcase classname="backend.tests.test_friends_groups.TestGroupDMs" name="test_create_group_with_name" time="0.065" /><testcase classname="backend.tests.test_friends_groups.TestGroupDMs" name="test_create_group_creator_auto_added_even_if_duplicated" time="0.063" /><testcase classname="backend.tests.test_friends_groups.TestGroupDMs" name="test_group_appears_in_inbox" time="0.051" /><testcase classname="backend.tests.test_friends_groups.TestGroupDMs" name="test_rename_group_by_member" time="0.046" /><testcase classname="backend.tests.test_friends_groups.TestGroupDMs" name="test_rename_group_clear_returns_to_auto" time="0.007" /><testcase classname="backend.tests.test_friends_groups.TestGroupDMs" name="test_rename_404_for_non_member" time="0.004" /><testcase classname="backend.tests.test_friends_groups.TestGroupDMs" name="test_add_member" time="0.046" /><testcase classname="backend.tests.test_friends_groups.TestGroupDMs" name="test_add_member_idempotent" time="0.045" /><testcase classname="backend.tests.test_friends_groups.TestGroupDMs" name="test_add_member_404_unknown" time="0.046" /><testcase classname="backend.tests.test_friends_groups.TestGroupDMs" name="test_add_member_404_non_member" time="0.012" /><testcase classname="backend.tests.test_friends_groups.TestGroupDMs" name="test_send_and_read_group_message" time="0.077" /><testcase classname="backend.tests.test_friends_groups.TestGroupDMs" name="test_inbox_shows_unread_for_non_sender" time="0.005" /><testcase classname="backend.tests.test_friends_groups.TestGroupDMs" name="test_non_member_cannot_send" time="0.012" /><testcase classname="backend.tests.test_friends_groups.TestGroupDMs" name="test_remove_member_creator_only" time="0.045" /><testcase classname="backend.tests.test_friends_groups.TestGroupDMs" name="test_self_leave" time="0.008" /><testcase classname="backend.tests.test_friends_groups.TestGroupDMs" name="test_last_member_deletes_thread" time="0.061" /><testcase classname="backend.tests.test_friends_groups.TestGroupDMs" name="test_max_group_members_cap" time="0.075" /></testsuite></testsuites>