<?xml version="1.0" encoding="utf-8"?><testsuites name="pytest tests"><testsuite name="pytest" errors="0" failures="0" skipped="0" tests="27" time="5.537" timestamp="2026-06-10T01:03:30.825435+00:00" hostname="agent-env-fc5799df-9b8b-46e1-9046-8eb2561003f0"><testcase classname="backend.tests.test_charity.TestAuthGating" name="test_list_unauth" time="0.295" /><testcase classname="backend.tests.test_charity.TestAuthGating" name="test_submit_unauth" time="0.147" /><testcase classname="backend.tests.test_charity.TestAuthGating" name="test_admin_list_unauth" time="0.184" /><testcase classname="backend.tests.test_charity.TestAuthGating" name="test_admin_list_forbidden_for_normal_user" time="0.233" /><testcase classname="backend.tests.test_charity.TestAuthGating" name="test_admin_approve_forbidden_for_normal_user" time="0.130" /><testcase classname="backend.tests.test_charity.TestSubmission" name="test_non_admin_pending" time="0.141" /><testcase classname="backend.tests.test_charity.TestSubmission" name="test_admin_auto_approved" time="0.188" /><testcase classname="backend.tests.test_charity.TestSubmission" name="test_duplicate_name_city_pending_returns_409" time="0.188" /><testcase classname="backend.tests.test_charity.TestSubmission" name="test_validation_short_mission" time="0.121" /><testcase classname="backend.tests.test_charity.TestPublicListing" name="test_list_only_approved" time="0.199" /><testcase classname="backend.tests.test_charity.TestPublicListing" name="test_search_query" time="0.146" /><testcase classname="backend.tests.test_charity.TestPublicListing" name="test_filter_category" time="0.136" /><testcase classname="backend.tests.test_charity.TestPublicListing" name="test_filter_state" time="0.154" /><testcase classname="backend.tests.test_charity.TestPublicListing" name="test_categories_endpoint" time="0.191" /><testcase classname="backend.tests.test_charity.TestDetailVisibility" name="test_pending_404_for_other_user" time="0.139" /><testcase classname="backend.tests.test_charity.TestDetailVisibility" name="test_pending_visible_to_submitter" time="0.111" /><testcase classname="backend.tests.test_charity.TestDetailVisibility" name="test_pending_visible_to_admin" time="0.111" /><testcase classname="backend.tests.test_charity.TestDetailVisibility" name="test_unknown_404" time="0.122" /><testcase classname="backend.tests.test_charity.TestClaim" name="test_claim_pending_charity_404" time="0.209" /><testcase classname="backend.tests.test_charity.TestClaim" name="test_claim_idempotent_for_same_user" time="0.301" /><testcase classname="backend.tests.test_charity.TestContact" name="test_contact_creates_record" time="0.186" /><testcase classname="backend.tests.test_charity.TestContact" name="test_contact_pending_404" time="0.114" /><testcase classname="backend.tests.test_charity.TestAdminFlow" name="test_admin_list_pending" time="0.125" /><testcase classname="backend.tests.test_charity.TestAdminFlow" name="test_admin_approve_then_public_list" time="0.325" /><testcase classname="backend.tests.test_charity.TestAdminFlow" name="test_admin_reject_creates_rejected" time="0.257" /><testcase classname="backend.tests.test_charity.TestAdminClaimApproval" name="test_approve_claim_sets_claimed_by_and_supersedes_others" time="0.532" /><testcase classname="backend.tests.test_charity.TestAdminClaimApproval" name="test_claim_after_claimed_returns_409" time="0.502" /></testsuite></testsuites>