<?xml version="1.0" encoding="utf-8"?><testsuites name="pytest tests"><testsuite name="pytest" errors="0" failures="0" skipped="0" tests="28" time="59.696" timestamp="2026-06-08T16:04:29.823407+00:00" hostname="agent-env-fc5799df-9b8b-46e1-9046-8eb2561003f0"><testcase classname="backend.tests.test_self_defense.TestAuthGate" name="test_disciplines_requires_auth" time="0.390" /><testcase classname="backend.tests.test_self_defense.TestAuthGate" name="test_disclaimer_requires_auth" time="0.057" /><testcase classname="backend.tests.test_self_defense.TestAuthGate" name="test_generate_requires_auth" time="0.047" /><testcase classname="backend.tests.test_self_defense.TestAuthGate" name="test_progress_requires_auth" time="0.056" /><testcase classname="backend.tests.test_self_defense.TestDisciplines" name="test_list_disciplines" time="0.051" /><testcase classname="backend.tests.test_self_defense.TestDisciplines" name="test_detail_bjj" time="0.060" /><testcase classname="backend.tests.test_self_defense.TestDisciplines" name="test_detail_unknown_404" time="0.047" /><testcase classname="backend.tests.test_self_defense.TestDisclaimer" name="test_fresh_disclaimer_unacknowledged" time="0.052" /><testcase classname="backend.tests.test_self_defense.TestDisclaimer" name="test_acknowledge" time="0.060" /><testcase classname="backend.tests.test_self_defense.TestDisclaimer" name="test_acknowledge_idempotent" time="0.053" /><testcase classname="backend.tests.test_self_defense.TestDisclaimer" name="test_after_ack_get_shows_acknowledged" time="0.050" /><testcase classname="backend.tests.test_self_defense.TestGenerateAndLifecycle" name="test_generate_unknown_discipline_404" time="0.047" /><testcase classname="backend.tests.test_self_defense.TestGenerateAndLifecycle" name="test_generate_boxing" time="29.993" /><testcase classname="backend.tests.test_self_defense.TestGenerateAndLifecycle" name="test_progress_generated_increment" time="0.081" /><testcase classname="backend.tests.test_self_defense.TestGenerateAndLifecycle" name="test_list_sessions_includes_new" time="0.056" /><testcase classname="backend.tests.test_self_defense.TestGenerateAndLifecycle" name="test_get_session_by_id" time="0.062" /><testcase classname="backend.tests.test_self_defense.TestGenerateAndLifecycle" name="test_get_session_other_user_404" time="0.048" /><testcase classname="backend.tests.test_self_defense.TestGenerateAndLifecycle" name="test_complete_session" time="0.053" /><testcase classname="backend.tests.test_self_defense.TestGenerateAndLifecycle" name="test_progress_completed_increment" time="0.059" /><testcase classname="backend.tests.test_self_defense.TestGenerateAndLifecycle" name="test_uncomplete_session" time="0.054" /><testcase classname="backend.tests.test_self_defense.TestGenerateAndLifecycle" name="test_progress_after_uncomplete" time="0.059" /><testcase classname="backend.tests.test_self_defense.TestGenerateAndLifecycle" name="test_uncomplete_does_not_go_below_zero" time="0.126" /><testcase classname="backend.tests.test_self_defense.TestGenerateAndLifecycle" name="test_redo_session" time="0.062" /><testcase classname="backend.tests.test_self_defense.TestGenerateAndLifecycle" name="test_redo_bumps_generated_count" time="0.060" /><testcase classname="backend.tests.test_self_defense.TestGenerateAndLifecycle" name="test_delete_session" time="0.050" /><testcase classname="backend.tests.test_self_defense.TestGenerateAndLifecycle" name="test_delete_session_second_time_404" time="0.050" /><testcase classname="backend.tests.test_self_defense.TestKendoSolo" name="test_generate_kendo_solo" time="27.786" /><testcase classname="backend.tests.test_self_defense.TestProgressAll" name="test_progress_lists_all_six" time="0.064" /></testsuite></testsuites>