<?xml version="1.0" encoding="utf-8"?><testsuites name="pytest tests"><testsuite name="pytest" errors="0" failures="1" skipped="0" tests="118" time="181.421" timestamp="2026-06-08T11:31:03.819792+00:00" hostname="agent-env-fc5799df-9b8b-46e1-9046-8eb2561003f0"><testcase classname="backend.tests.test_new_features.TestWellnessProfile" name="test_get_blank_default_profile" time="0.011" /><testcase classname="backend.tests.test_new_features.TestWellnessProfile" name="test_put_updates_profile" time="0.092" /><testcase classname="backend.tests.test_new_features.TestWellnessProfile" name="test_put_rejects_bad_goal" time="0.043" /><testcase classname="backend.tests.test_new_features.TestWellnessProfile" name="test_put_rejects_bad_activity" time="0.043" /><testcase classname="backend.tests.test_new_features.TestWellnessProfile" name="test_put_rejects_bad_date" time="0.043" /><testcase classname="backend.tests.test_new_features.TestWellnessProfile" name="test_unauth" time="0.045" /><testcase classname="backend.tests.test_new_features.TestWeightLog" name="test_create_log_and_list_desc" time="0.135" /><testcase classname="backend.tests.test_new_features.TestWeightLog" name="test_reject_bad_weight" time="0.087" /><testcase classname="backend.tests.test_new_features.TestWeightLog" name="test_reject_bad_date" time="0.043" /><testcase classname="backend.tests.test_new_features.TestWeightLog" name="test_delete_log" time="0.131" /><testcase classname="backend.tests.test_new_features.TestWeightLog" name="test_cross_user_cannot_delete" time="0.094" /><testcase classname="backend.tests.test_new_features.TestWeightLog" name="test_cross_user_list_isolation" time="0.003" /><testcase classname="backend.tests.test_new_features.TestWeightLog" name="test_unauth" time="0.043" /><testcase classname="backend.tests.test_new_features.TestWellnessSuggest" name="test_suggest_requires_goal" time="0.004" /><testcase classname="backend.tests.test_new_features.TestWellnessSuggest" name="test_suggest_returns_brief" time="6.730" /><testcase classname="backend.tests.test_new_features.TestPrayerTemplates" name="test_examen_prompts" time="0.044" /><testcase classname="backend.tests.test_new_features.TestPrayerTemplates" name="test_examen_unauth" time="0.002" /><testcase classname="backend.tests.test_new_features.TestPrayerTemplates" name="test_examination_sections" time="0.043" /><testcase classname="backend.tests.test_new_features.TestPrayerTemplates" name="test_examination_unauth" time="0.002" /><testcase classname="backend.tests.test_new_features.TestJournalKinds" name="test_save_examen_entry" time="0.043" /><testcase classname="backend.tests.test_new_features.TestJournalKinds" name="test_save_examination_then_confess" time="0.133" /><testcase classname="backend.tests.test_new_features.TestJournalKinds" name="test_confess_404" time="0.044" /><testcase classname="backend.tests.test_new_features.TestJournalKinds" name="test_cross_user_cannot_confess" time="0.048" /><testcase classname="backend.tests.test_new_features.TestJournalKinds" name="test_unknown_kind_normalised_to_free" time="0.043" /><testcase classname="backend.tests.test_new_features.TestChurches" name="test_nearby_valid" time="30.031"><failure message="requests.exceptions.ReadTimeout: HTTPConnectionPool(host='localhost', port=8001): Read timed out. (read timeout=30)">E   TimeoutError: timed out

The above exception was the direct cause of the following exception:
E   urllib3.exceptions.ReadTimeoutError: HTTPConnectionPool(host='localhost', port=8001): Read timed out. (read timeout=30)

During handling of the above exception, another exception occurred:
E   requests.exceptions.ReadTimeout: HTTPConnectionPool(host='localhost', port=8001): Read timed out. (read timeout=30)</failure></testcase><testcase classname="backend.tests.test_new_features.TestChurches" name="test_nearby_bad_coords" time="0.004" /><testcase classname="backend.tests.test_new_features.TestChurches" name="test_nearby_unauth" time="0.002" /><testcase classname="backend.tests.test_new_features.TestChurches" name="test_save_and_list_and_delete" time="0.226" /><testcase classname="backend.tests.test_new_features.TestChurches" name="test_save_idempotent_upsert" time="0.134" /><testcase classname="backend.tests.test_new_features.TestChurches" name="test_cross_user_isolation" time="0.094" /><testcase classname="backend.tests.test_new_features.TestChurches" name="test_save_unauth" time="0.042" /><testcase classname="backend.tests.test_new_features.TestChurchesSearch" name="test_empty_q_returns_422" time="0.047" /><testcase classname="backend.tests.test_new_features.TestChurchesSearch" name="test_search_unauth" time="0.002" /><testcase classname="backend.tests.test_new_features.TestChurchesSearch" name="test_invalid_lat" time="0.043" /><testcase classname="backend.tests.test_new_features.TestChurchesSearch" name="test_invalid_lng" time="0.045" /><testcase classname="backend.tests.test_new_features.TestChurchesSearch" name="test_search_with_coords_returns_only_places_of_worship" time="2.592" /><testcase classname="backend.tests.test_new_features.TestChurchesSearch" name="test_search_no_unrelated_roads" time="1.934" /><testcase classname="backend.tests.test_new_features.TestChurchesSearch" name="test_search_without_coords_distance_is_null" time="2.043" /><testcase classname="backend.tests.test_new_features.TestChurchesSearch" name="test_search_is_starred_annotation" time="3.591" /><testcase classname="backend.tests.test_new_features.TestChurchesSearch" name="test_search_radius_param_accepts_bounds" time="0.087" /><testcase classname="backend.tests.test_new_features.TestRegressionSmoke" name="test_root" time="0.002" /><testcase classname="backend.tests.test_new_features.TestRegressionSmoke" name="test_liturgical_day" time="0.042" /><testcase classname="backend.tests.test_new_features.TestRegressionSmoke" name="test_preferences" time="0.003" /><testcase classname="backend.tests.test_new_features.TestRegressionSmoke" name="test_journal_list_still_works" time="0.046" /><testcase classname="backend.tests.test_phase1_profile_goals.TestUpdateMe" name="test_update_name_success" time="0.044" /><testcase classname="backend.tests.test_phase1_profile_goals.TestUpdateMe" name="test_update_name_empty_rejected" time="0.043" /><testcase classname="backend.tests.test_phase1_profile_goals.TestUpdateMe" name="test_update_name_whitespace_rejected" time="0.043" /><testcase classname="backend.tests.test_phase1_profile_goals.TestUpdateMe" name="test_update_name_too_long_rejected" time="0.043" /><testcase classname="backend.tests.test_phase1_profile_goals.TestUpdateMe" name="test_update_picture_data_uri_accepted" time="0.044" /><testcase classname="backend.tests.test_phase1_profile_goals.TestUpdateMe" name="test_update_picture_empty_clears" time="0.089" /><testcase classname="backend.tests.test_phase1_profile_goals.TestUpdateMe" name="test_update_picture_http_url_accepted" time="0.044" /><testcase classname="backend.tests.test_phase1_profile_goals.TestUpdateMe" name="test_update_picture_invalid_url_rejected" time="0.043" /><testcase classname="backend.tests.test_phase1_profile_goals.TestUpdateMe" name="test_update_picture_too_large_rejected" time="0.057" /><testcase classname="backend.tests.test_phase1_profile_goals.TestUpdateMe" name="test_update_me_requires_auth" time="0.002" /><testcase classname="backend.tests.test_phase1_profile_goals.TestMealsGenerateGoalMode" name="test_liturgical_mode_explicit" time="11.903" /><testcase classname="backend.tests.test_phase1_profile_goals.TestMealsGenerateGoalMode" name="test_goals_mode_without_wellness_profile" time="10.898" /><testcase classname="backend.tests.test_phase1_profile_goals.TestMealsGenerateGoalMode" name="test_default_goal_mode_is_liturgical" time="11.651" /><testcase classname="backend.tests.test_phase1_profile_goals.TestMealsGenerateGoalMode" name="test_goals_mode_with_wellness_profile" time="11.673" /><testcase classname="backend.tests.test_phase1_profile_goals.TestMealsGenerateGoalMode" name="test_invalid_date_rejected" time="0.043" /><testcase classname="backend.tests.test_phase1_profile_goals.TestWorkoutsGenerateGoalMode" name="test_liturgical_mode_explicit" time="14.664" /><testcase classname="backend.tests.test_phase1_profile_goals.TestWorkoutsGenerateGoalMode" name="test_goals_mode_with_wellness_profile" time="20.620" /><testcase classname="backend.tests.test_phase1_profile_goals.TestWorkoutsGenerateGoalMode" name="test_default_goal_mode_is_liturgical" time="11.367" /><testcase classname="backend.tests.test_phase1_profile_goals.TestPhase1Regressions" name="test_get_auth_me" time="0.043" /><testcase classname="backend.tests.test_phase1_profile_goals.TestPhase1Regressions" name="test_churches_nearby" time="4.818" /><testcase classname="backend.tests.test_phase1_profile_goals.TestPhase1Regressions" name="test_churches_search" time="1.352" /><testcase classname="backend.tests.test_phase1_profile_goals.TestPhase1Regressions" name="test_wellness_profile_get" time="0.043" /><testcase classname="backend.tests.test_phase1_profile_goals.TestPhase1Regressions" name="test_wellness_log_post" time="0.045" /><testcase classname="backend.tests.test_phase1_profile_goals.TestPhase1Regressions" name="test_journal_create" time="0.045" /><testcase classname="backend.tests.test_readings_journal.TestReadings" name="test_readings_requires_auth" time="0.002" /><testcase classname="backend.tests.test_readings_journal.TestReadings" name="test_readings_invalid_date" time="0.043" /><testcase classname="backend.tests.test_readings_journal.TestReadings" name="test_readings_today_universalis" time="5.001" /><testcase classname="backend.tests.test_readings_journal.TestReadings" name="test_readings_future_date_fallback" time="4.678" /><testcase classname="backend.tests.test_readings_journal.TestReadings" name="test_readings_no_mongo_id" time="0.044" /><testcase classname="backend.tests.test_readings_journal.TestJournal" name="test_journal_list_requires_auth" time="0.003" /><testcase classname="backend.tests.test_readings_journal.TestJournal" name="test_journal_create_requires_auth" time="0.042" /><testcase classname="backend.tests.test_readings_journal.TestJournal" name="test_journal_get_requires_auth" time="0.042" /><testcase classname="backend.tests.test_readings_journal.TestJournal" name="test_journal_update_requires_auth" time="0.043" /><testcase classname="backend.tests.test_readings_journal.TestJournal" name="test_journal_delete_requires_auth" time="0.043" /><testcase classname="backend.tests.test_readings_journal.TestJournal" name="test_create_journal_minimal" time="0.047" /><testcase classname="backend.tests.test_readings_journal.TestJournal" name="test_create_journal_empty_body_400" time="0.043" /><testcase classname="backend.tests.test_readings_journal.TestJournal" name="test_create_journal_invalid_date_400" time="0.044" /><testcase classname="backend.tests.test_readings_journal.TestJournal" name="test_list_journal_sorted_and_filter" time="0.305" /><testcase classname="backend.tests.test_readings_journal.TestJournal" name="test_update_journal" time="0.132" /><testcase classname="backend.tests.test_readings_journal.TestJournal" name="test_update_journal_empty_body_400" time="0.088" /><testcase classname="backend.tests.test_readings_journal.TestJournal" name="test_update_journal_not_found" time="0.044" /><testcase classname="backend.tests.test_readings_journal.TestJournal" name="test_get_journal_not_found" time="0.044" /><testcase classname="backend.tests.test_readings_journal.TestJournal" name="test_delete_journal" time="0.174" /><testcase classname="backend.tests.test_readings_journal.TestJournal" name="test_journal_user_scoping" time="0.180" /><testcase classname="backend.tests.test_readings_journal.TestSmokeRegression" name="test_liturgical_day" time="0.001" /><testcase classname="backend.tests.test_readings_journal.TestSmokeRegression" name="test_meals_grocery_endpoint" time="0.043" /><testcase classname="backend.tests.test_readings_journal.TestSmokeRegression" name="test_meals_grocery_bad_date" time="0.043" /><testcase classname="backend.tests.test_readings_journal.TestSmokeRegression" name="test_save_meal_endpoint" time="0.088" /><testcase classname="backend.tests.test_readings_journal.TestSmokeRegression" name="test_save_workout_endpoint" time="0.090" /><testcase classname="backend.tests.test_sanctus_backend.TestHealth" name="test_root_health" time="0.002" /><testcase classname="backend.tests.test_sanctus_backend.TestLiturgical" name="test_friday_ordinary_time_abstinence" time="0.042" /><testcase classname="backend.tests.test_sanctus_backend.TestLiturgical" name="test_good_friday_2026" time="0.042" /><testcase classname="backend.tests.test_sanctus_backend.TestLiturgical" name="test_easter_sunday_2026" time="0.042" /><testcase classname="backend.tests.test_sanctus_backend.TestLiturgical" name="test_christmas_2026" time="0.043" /><testcase classname="backend.tests.test_sanctus_backend.TestLiturgical" name="test_ash_wednesday_2026" time="0.043" /><testcase classname="backend.tests.test_sanctus_backend.TestLiturgical" name="test_invalid_date_format" time="0.043" /><testcase classname="backend.tests.test_sanctus_backend.TestLiturgical" name="test_month_april_2026_lent_to_easter" time="0.043" /><testcase classname="backend.tests.test_sanctus_backend.TestLiturgical" name="test_invalid_month" time="0.042" /><testcase classname="backend.tests.test_sanctus_backend.TestAuthUnauth" name="test_me_no_token" time="0.043" /><testcase classname="backend.tests.test_sanctus_backend.TestAuthUnauth" name="test_session_invalid" time="0.174" /><testcase classname="backend.tests.test_sanctus_backend.TestAuthUnauth" name="test_preferences_no_token" time="0.042" /><testcase classname="backend.tests.test_sanctus_backend.TestAuthUnauth" name="test_meals_no_token" time="0.041" /><testcase classname="backend.tests.test_sanctus_backend.TestAuthenticatedFlow" name="test_auth_me" time="0.003" /><testcase classname="backend.tests.test_sanctus_backend.TestAuthenticatedFlow" name="test_preferences_default" time="0.043" /><testcase classname="backend.tests.test_sanctus_backend.TestAuthenticatedFlow" name="test_preferences_update" time="0.089" /><testcase classname="backend.tests.test_sanctus_backend.TestAIGeneration" name="test_meal_structure" time="10.755" /><testcase classname="backend.tests.test_sanctus_backend.TestAIGeneration" name="test_friday_abstinence_no_meat" time="0.000" /><testcase classname="backend.tests.test_sanctus_backend.TestAIGeneration" name="test_workout_structure" time="9.633" /><testcase classname="backend.tests.test_sanctus_backend.TestAIGeneration" name="test_sunday_rest_content" time="0.000" /><testcase classname="backend.tests.test_sanctus_backend.TestMealWorkoutRetrieval" name="test_get_meal_persists" time="0.045" /><testcase classname="backend.tests.test_sanctus_backend.TestMealWorkoutRetrieval" name="test_meals_week" time="0.045" /><testcase classname="backend.tests.test_sanctus_backend.TestMealWorkoutRetrieval" name="test_workouts_week" time="0.044" /><testcase classname="backend.tests.test_sanctus_backend.TestMealWorkoutRetrieval" name="test_meals_week_bad_date" time="0.043" /><testcase classname="backend.tests.test_sanctus_backend.TestLogout" name="test_logout_removes_session" time="0.009" /></testsuite></testsuites>