<?xml version="1.0" encoding="utf-8"?><testsuites name="pytest tests"><testsuite name="pytest" errors="0" failures="0" skipped="0" tests="11" time="2.591" timestamp="2026-06-27T19:38:20.667115+00:00" hostname="agent-env-6b263582-921a-46ca-bab1-9c1709d26256"><testcase classname="backend.tests.test_parish_events_recurrence_rsvp.TestRecurrenceValidation" name="test_valid_recurrence_accepted[once]" time="0.286" /><testcase classname="backend.tests.test_parish_events_recurrence_rsvp.TestRecurrenceValidation" name="test_valid_recurrence_accepted[weekly]" time="0.148" /><testcase classname="backend.tests.test_parish_events_recurrence_rsvp.TestRecurrenceValidation" name="test_valid_recurrence_accepted[biweekly]" time="0.138" /><testcase classname="backend.tests.test_parish_events_recurrence_rsvp.TestRecurrenceValidation" name="test_valid_recurrence_accepted[monthly]" time="0.129" /><testcase classname="backend.tests.test_parish_events_recurrence_rsvp.TestRecurrenceValidation" name="test_valid_recurrence_accepted[annually]" time="0.096" /><testcase classname="backend.tests.test_parish_events_recurrence_rsvp.TestRecurrenceValidation" name="test_invalid_recurrence_rejected" time="0.097" /><testcase classname="backend.tests.test_parish_events_recurrence_rsvp.TestRecurrenceExpansion" name="test_weekly_event_expands_to_multiple_occurrences" time="0.280" /><testcase classname="backend.tests.test_parish_events_recurrence_rsvp.TestRecurrenceExpansion" name="test_once_event_single_occurrence" time="0.236" /><testcase classname="backend.tests.test_parish_events_recurrence_rsvp.TestRSVPAndAttending" name="test_rsvp_toggle_and_count" time="0.600" /><testcase classname="backend.tests.test_parish_events_recurrence_rsvp.TestRSVPAndAttending" name="test_rsvp_nonexistent_returns_404" time="0.099" /><testcase classname="backend.tests.test_parish_events_recurrence_rsvp.TestRSVPAndAttending" name="test_mine_attending_returns_user_events_expanded" time="0.444" /></testsuite></testsuites>