<?xml version="1.0" encoding="utf-8"?><testsuites name="pytest tests"><testsuite name="pytest" errors="0" failures="0" skipped="0" tests="7" time="0.484" timestamp="2026-06-21T00:40:35.025088+00:00" hostname="agent-env-6b263582-921a-46ca-bab1-9c1709d26256"><testcase classname="backend.tests.test_challenge_windows" name="test_windows_2026_returns_six" time="0.126" /><testcase classname="backend.tests.test_challenge_windows" name="test_windows_2026_required_fields" time="0.048" /><testcase classname="backend.tests.test_challenge_windows" name="test_windows_2026_consecration_dates" time="0.048" /><testcase classname="backend.tests.test_challenge_windows" name="test_windows_2026_advent_lent_hallowtide" time="0.049" /><testcase classname="backend.tests.test_challenge_windows" name="test_windows_2027_recomputes_movable" time="0.045" /><testcase classname="backend.tests.test_challenge_windows" name="test_windows_requires_year_param" time="0.042" /><testcase classname="backend.tests.test_challenge_windows" name="test_windows_requires_auth" time="0.097" /></testsuite></testsuites>