<?xml version="1.0" encoding="utf-8"?><testsuites name="pytest tests"><testsuite name="pytest" errors="0" failures="0" skipped="0" tests="15" time="6.293" timestamp="2026-06-26T03:10:33.065507+00:00" hostname="agent-env-6b263582-921a-46ca-bab1-9c1709d26256"><testcase classname="backend.tests.test_iter67_sites_nearby_relics.TestAuth" name="test_nearby_requires_auth" time="0.190" /><testcase classname="backend.tests.test_iter67_sites_nearby_relics.TestAuth" name="test_sites_requires_auth" time="0.138" /><testcase classname="backend.tests.test_iter67_sites_nearby_relics.TestCuratedSites" name="test_full_curated_list" time="0.232" /><testcase classname="backend.tests.test_iter67_sites_nearby_relics.TestCuratedSites" name="test_curated_slug_lourdes" time="0.132" /><testcase classname="backend.tests.test_iter67_sites_nearby_relics.TestNearbyShape" name="test_shape_keys_present" time="2.429" /><testcase classname="backend.tests.test_iter67_sites_nearby_relics.TestNearbyShape" name="test_featured_has_relics_for_madrid" time="0.180" /><testcase classname="backend.tests.test_iter67_sites_nearby_relics.TestNearbyShape" name="test_featured_has_relics_for_nyc" time="0.177" /><testcase classname="backend.tests.test_iter67_sites_nearby_relics.TestNearbyShape" name="test_featured_has_relics_for_rome" time="0.171" /><testcase classname="backend.tests.test_iter67_sites_nearby_relics.TestNearbyShape" name="test_featured_is_nearest_relic_site" time="0.572" /><testcase classname="backend.tests.test_iter67_sites_nearby_relics.TestNearbyShape" name="test_featured_distance_reasonable" time="0.340" /><testcase classname="backend.tests.test_iter67_sites_nearby_relics.TestOSMNearbyChurches" name="test_osm_at_least_one_city_has_data" time="0.613" /><testcase classname="backend.tests.test_iter67_sites_nearby_relics.TestOSMNearbyChurches" name="test_osm_shape_and_sort" time="0.193" /><testcase classname="backend.tests.test_iter67_sites_nearby_relics.TestOSMNearbyChurches" name="test_osm_cache_repeat_is_consistent_and_faster" time="0.359" /><testcase classname="backend.tests.test_iter67_sites_nearby_relics.TestNearbyNoCoords" name="test_no_coords_returns_relic_featured_no_osm" time="0.181" /><testcase classname="backend.tests.test_iter67_sites_nearby_relics.TestNearbyNoCoords" name="test_no_coords_daily_rotation_stable_within_call" time="0.345" /></testsuite></testsuites>