<?xml version="1.0" encoding="utf-8"?><testsuites name="pytest tests"><testsuite name="pytest" errors="0" failures="0" skipped="0" tests="42" time="2.598" timestamp="2026-06-10T19:00:41.476171+00:00" hostname="agent-env-fc5799df-9b8b-46e1-9046-8eb2561003f0"><testcase classname="backend.tests.test_films_iter35.TestFilmsList" name="test_returns_exactly_12_films" time="0.164" /><testcase classname="backend.tests.test_films_iter35.TestFilmsList" name="test_old_slugs_not_present" time="0.066" /><testcase classname="backend.tests.test_films_iter35.TestFilmsList" name="test_each_film_has_expected_fields[molokai-damien-AweoZYsiCu4-1h 58m-saints]" time="0.070" /><testcase classname="backend.tests.test_films_iter35.TestFilmsList" name="test_each_film_has_expected_fields[padre-pio-miracle-5C27CJyspZc-3h 22m-saints]" time="0.091" /><testcase classname="backend.tests.test_films_iter35.TestFilmsList" name="test_each_film_has_expected_fields[bernadette-1943-muoFcCkR8NQ-2h 36m-saints]" time="0.071" /><testcase classname="backend.tests.test_films_iter35.TestFilmsList" name="test_each_film_has_expected_fields[barron-mass-pIGXtDR2GCk-15m-doctrine]" time="0.066" /><testcase classname="backend.tests.test_films_iter35.TestFilmsList" name="test_each_film_has_expected_fields[barron-eucharist-UzCPu_lEhe8-1h 12m-doctrine]" time="0.071" /><testcase classname="backend.tests.test_films_iter35.TestFilmsList" name="test_each_film_has_expected_fields[scott-hahn-conversion-XilzGLfgd7A-56m-doctrine]" time="0.061" /><testcase classname="backend.tests.test_films_iter35.TestFilmsList" name="test_each_film_has_expected_fields[st-francis-animated-lutB_jV7IyE-1h 22m-animated]" time="0.062" /><testcase classname="backend.tests.test_films_iter35.TestFilmsList" name="test_each_film_has_expected_fields[ccc-bernadette-anim-zdYxJIsNSqs-45m-animated]" time="0.109" /><testcase classname="backend.tests.test_films_iter35.TestFilmsList" name="test_each_film_has_expected_fields[juan-diego-anim-FI_gXWGmBNg-28m-animated]" time="0.060" /><testcase classname="backend.tests.test_films_iter35.TestFilmsList" name="test_each_film_has_expected_fields[guadalupe-doc-ym-b05cTZdM-58m-documentary]" time="0.076" /><testcase classname="backend.tests.test_films_iter35.TestFilmsList" name="test_each_film_has_expected_fields[shroud-of-turin-doc-io8WUa-wTIk-1h 25m-documentary]" time="0.060" /><testcase classname="backend.tests.test_films_iter35.TestFilmsList" name="test_each_film_has_expected_fields[john-paul-ii-papacy-2gpvfvhcRGc-1h 30m-documentary]" time="0.062" /><testcase classname="backend.tests.test_films_iter35.TestFilmsByCategory" name="test_category_filter_count[saints-3]" time="0.061" /><testcase classname="backend.tests.test_films_iter35.TestFilmsByCategory" name="test_category_filter_count[doctrine-3]" time="0.062" /><testcase classname="backend.tests.test_films_iter35.TestFilmsByCategory" name="test_category_filter_count[animated-3]" time="0.059" /><testcase classname="backend.tests.test_films_iter35.TestFilmsByCategory" name="test_category_filter_count[documentary-3]" time="0.067" /><testcase classname="backend.tests.test_films_iter35.TestFilmDetail" name="test_film_detail_endpoint[molokai-damien-AweoZYsiCu4]" time="0.052" /><testcase classname="backend.tests.test_films_iter35.TestFilmDetail" name="test_film_detail_endpoint[padre-pio-miracle-5C27CJyspZc]" time="0.057" /><testcase classname="backend.tests.test_films_iter35.TestFilmDetail" name="test_film_detail_endpoint[bernadette-1943-muoFcCkR8NQ]" time="0.055" /><testcase classname="backend.tests.test_films_iter35.TestFilmDetail" name="test_film_detail_endpoint[barron-mass-pIGXtDR2GCk]" time="0.055" /><testcase classname="backend.tests.test_films_iter35.TestFilmDetail" name="test_film_detail_endpoint[barron-eucharist-UzCPu_lEhe8]" time="0.056" /><testcase classname="backend.tests.test_films_iter35.TestFilmDetail" name="test_film_detail_endpoint[scott-hahn-conversion-XilzGLfgd7A]" time="0.063" /><testcase classname="backend.tests.test_films_iter35.TestFilmDetail" name="test_film_detail_endpoint[st-francis-animated-lutB_jV7IyE]" time="0.060" /><testcase classname="backend.tests.test_films_iter35.TestFilmDetail" name="test_film_detail_endpoint[ccc-bernadette-anim-zdYxJIsNSqs]" time="0.058" /><testcase classname="backend.tests.test_films_iter35.TestFilmDetail" name="test_film_detail_endpoint[juan-diego-anim-FI_gXWGmBNg]" time="0.085" /><testcase classname="backend.tests.test_films_iter35.TestFilmDetail" name="test_film_detail_endpoint[guadalupe-doc-ym-b05cTZdM]" time="0.057" /><testcase classname="backend.tests.test_films_iter35.TestFilmDetail" name="test_film_detail_endpoint[shroud-of-turin-doc-io8WUa-wTIk]" time="0.054" /><testcase classname="backend.tests.test_films_iter35.TestFilmDetail" name="test_film_detail_endpoint[john-paul-ii-papacy-2gpvfvhcRGc]" time="0.054" /><testcase classname="backend.tests.test_films_iter35.TestYouTubeOEmbed" name="test_youtube_oembed_returns_200[molokai-damien-AweoZYsiCu4]" time="0.068" /><testcase classname="backend.tests.test_films_iter35.TestYouTubeOEmbed" name="test_youtube_oembed_returns_200[padre-pio-miracle-5C27CJyspZc]" time="0.036" /><testcase classname="backend.tests.test_films_iter35.TestYouTubeOEmbed" name="test_youtube_oembed_returns_200[bernadette-1943-muoFcCkR8NQ]" time="0.039" /><testcase classname="backend.tests.test_films_iter35.TestYouTubeOEmbed" name="test_youtube_oembed_returns_200[barron-mass-pIGXtDR2GCk]" time="0.040" /><testcase classname="backend.tests.test_films_iter35.TestYouTubeOEmbed" name="test_youtube_oembed_returns_200[barron-eucharist-UzCPu_lEhe8]" time="0.054" /><testcase classname="backend.tests.test_films_iter35.TestYouTubeOEmbed" name="test_youtube_oembed_returns_200[scott-hahn-conversion-XilzGLfgd7A]" time="0.039" /><testcase classname="backend.tests.test_films_iter35.TestYouTubeOEmbed" name="test_youtube_oembed_returns_200[st-francis-animated-lutB_jV7IyE]" time="0.040" /><testcase classname="backend.tests.test_films_iter35.TestYouTubeOEmbed" name="test_youtube_oembed_returns_200[ccc-bernadette-anim-zdYxJIsNSqs]" time="0.041" /><testcase classname="backend.tests.test_films_iter35.TestYouTubeOEmbed" name="test_youtube_oembed_returns_200[juan-diego-anim-FI_gXWGmBNg]" time="0.035" /><testcase classname="backend.tests.test_films_iter35.TestYouTubeOEmbed" name="test_youtube_oembed_returns_200[guadalupe-doc-ym-b05cTZdM]" time="0.035" /><testcase classname="backend.tests.test_films_iter35.TestYouTubeOEmbed" name="test_youtube_oembed_returns_200[shroud-of-turin-doc-io8WUa-wTIk]" time="0.034" /><testcase classname="backend.tests.test_films_iter35.TestYouTubeOEmbed" name="test_youtube_oembed_returns_200[john-paul-ii-papacy-2gpvfvhcRGc]" time="0.036" /></testsuite></testsuites>