<?xml version="1.0" encoding="utf-8"?><testsuites name="pytest tests"><testsuite name="pytest" errors="0" failures="0" skipped="0" tests="12" time="0.818" timestamp="2026-07-03T08:37:00.561298+00:00" hostname="agent-env-6b263582-921a-46ca-bab1-9c1709d26256"><testcase classname="backend.tests.test_iter91_practices_daily_acts_pilgrimage.TestDailyActs" name="test_daily_acts_returns_items" time="0.238" /><testcase classname="backend.tests.test_iter91_practices_daily_acts_pilgrimage.TestAddPractice" name="test_add_practice_creates" time="0.048" /><testcase classname="backend.tests.test_iter91_practices_daily_acts_pilgrimage.TestAddPractice" name="test_add_practice_idempotent" time="0.043" /><testcase classname="backend.tests.test_iter91_practices_daily_acts_pilgrimage.TestAddPractice" name="test_get_devotions_lists_added" time="0.043" /><testcase classname="backend.tests.test_iter91_practices_daily_acts_pilgrimage.TestAddPractice" name="test_cleanup_delete_devotion" time="0.046" /><testcase classname="backend.tests.test_iter91_practices_daily_acts_pilgrimage.TestSchedulePilgrimageComplete" name="test_create_pilgrimage" time="0.046" /><testcase classname="backend.tests.test_iter91_practices_daily_acts_pilgrimage.TestSchedulePilgrimageComplete" name="test_mark_completed_true" time="0.046" /><testcase classname="backend.tests.test_iter91_practices_daily_acts_pilgrimage.TestSchedulePilgrimageComplete" name="test_mark_completed_false" time="0.043" /><testcase classname="backend.tests.test_iter91_practices_daily_acts_pilgrimage.TestSchedulePilgrimageComplete" name="test_cleanup" time="0.085" /><testcase classname="backend.tests.test_iter91_practices_daily_acts_pilgrimage.TestCompanionTraditions" name="test_companion_has_traditions[blessed-virgin-mary]" time="0.046" /><testcase classname="backend.tests.test_iter91_practices_daily_acts_pilgrimage.TestCompanionTraditions" name="test_companion_has_traditions[st-joseph]" time="0.057" /><testcase classname="backend.tests.test_iter91_practices_daily_acts_pilgrimage.TestCompanionTraditions" name="test_companion_has_traditions[francis-assisi]" time="0.042" /></testsuite></testsuites>