<?xml version="1.0" encoding="utf-8"?><testsuites name="pytest tests"><testsuite name="pytest" errors="0" failures="0" skipped="0" tests="13" time="0.122" timestamp="2026-06-10T02:51:16.193591+00:00" hostname="agent-env-fc5799df-9b8b-46e1-9046-8eb2561003f0"><testcase classname="backend.tests.test_challenges.TestPublicList" name="test_list_published_for_user" time="0.026" /><testcase classname="backend.tests.test_challenges.TestPublicList" name="test_get_hallowtide_detail_has_soul_cakes" time="0.005" /><testcase classname="backend.tests.test_challenges.TestPublicList" name="test_day_shape" time="0.004" /><testcase classname="backend.tests.test_challenges.TestEnrollAndCheckin" name="test_enroll_idempotent" time="0.007" /><testcase classname="backend.tests.test_challenges.TestEnrollAndCheckin" name="test_unenroll" time="0.006" /><testcase classname="backend.tests.test_challenges.TestEnrollAndCheckin" name="test_checkin_idempotent_and_streak" time="0.014" /><testcase classname="backend.tests.test_challenges.TestEnrollAndCheckin" name="test_my_progress" time="0.003" /><testcase classname="backend.tests.test_challenges.TestAdmin" name="test_admin_all_ok" time="0.004" /><testcase classname="backend.tests.test_challenges.TestAdmin" name="test_admin_all_forbidden_for_non_admin" time="0.007" /><testcase classname="backend.tests.test_challenges.TestAdmin" name="test_admin_patch_challenge" time="0.004" /><testcase classname="backend.tests.test_challenges.TestAdmin" name="test_admin_patch_day" time="0.005" /><testcase classname="backend.tests.test_challenges.TestAdmin" name="test_publish_unpublish_cycle" time="0.009" /><testcase classname="backend.tests.test_challenges.TestAdmin" name="test_generate_days_overwrite_false_skips" time="0.009" /></testsuite></testsuites>