<?xml version="1.0" encoding="utf-8"?><testsuites name="pytest tests"><testsuite name="pytest" errors="0" failures="0" skipped="0" tests="8" time="36.802" timestamp="2026-06-25T05:39:59.162448+00:00" hostname="agent-env-6b263582-921a-46ca-bab1-9c1709d26256"><testcase classname="backend.tests.test_iter52_translate.TestTranslateEndpoint" name="test_translate_es_basic_phrases" time="2.934" /><testcase classname="backend.tests.test_iter52_translate.TestTranslateEndpoint" name="test_translate_it_basic_phrases" time="2.103" /><testcase classname="backend.tests.test_iter52_translate.TestTranslateEndpoint" name="test_translate_cache_hit_is_fast" time="1.967" /><testcase classname="backend.tests.test_iter52_translate.TestTranslateEndpoint" name="test_translate_passthrough_english" time="0.099" /><testcase classname="backend.tests.test_iter52_translate.TestTranslateEndpoint" name="test_translate_too_many_rejected" time="0.095" /><testcase classname="backend.tests.test_iter52_translate.TestCommunityPostDelete" name="test_create_then_delete_post_returns_204_and_disappears" time="0.328" /><testcase classname="backend.tests.test_iter52_translate.TestAIInLanguage" name="test_meals_generate_respects_accept_language_es" time="12.242" /><testcase classname="backend.tests.test_iter52_translate.TestAIInLanguage" name="test_workouts_generate_respects_accept_language_it" time="17.002" /></testsuite></testsuites>