<?xml version="1.0" encoding="utf-8"?><testsuites name="pytest tests"><testsuite name="pytest" errors="0" failures="0" skipped="0" tests="25" time="9.345" timestamp="2026-06-19T16:15:31.680269+00:00" hostname="agent-env-6b263582-921a-46ca-bab1-9c1709d26256"><testcase classname="backend.tests.test_iter42_virtus_daytime.TestLiturgyDaytime" name="test_index_now_lists_daytime" time="0.006" /><testcase classname="backend.tests.test_iter42_virtus_daytime.TestLiturgyDaytime" name="test_daytime_detail" time="0.043" /><testcase classname="backend.tests.test_iter42_virtus_daytime.TestLiturgyDaytime" name="test_daytime_monday_sections" time="0.044" /><testcase classname="backend.tests.test_iter42_virtus_daytime.TestLiturgyDaytime" name="test_daytime_identical_across_days" time="0.088" /><testcase classname="backend.tests.test_iter42_virtus_daytime.TestLiturgyDaytime" name="test_free_user_can_access_daytime" time="0.004" /><testcase classname="backend.tests.test_iter42_virtus_daytime.TestVirtusCatalogue" name="test_requires_auth" time="0.002" /><testcase classname="backend.tests.test_iter42_virtus_daytime.TestVirtusCatalogue" name="test_list_admin" time="0.043" /><testcase classname="backend.tests.test_iter42_virtus_daytime.TestVirtusCatalogue" name="test_list_free" time="0.003" /><testcase classname="backend.tests.test_iter42_virtus_daytime.TestVirtusContent" name="test_humility_returns_shape" time="0.043" /><testcase classname="backend.tests.test_iter42_virtus_daytime.TestVirtusContent" name="test_saints_of_virtue_shape" time="0.004" /><testcase classname="backend.tests.test_iter42_virtus_daytime.TestVirtusContent" name="test_unknown_virtue_404" time="0.043" /><testcase classname="backend.tests.test_iter42_virtus_daytime.TestVirtusResources" name="test_free_user_402" time="0.003" /><testcase classname="backend.tests.test_iter42_virtus_daytime.TestVirtusResources" name="test_admin_200" time="0.043" /><testcase classname="backend.tests.test_iter42_virtus_daytime.TestVirtusAdminGating" name="test_admin_full_403_for_free" time="0.003" /><testcase classname="backend.tests.test_iter42_virtus_daytime.TestVirtusAdminGating" name="test_admin_full_200_for_admin" time="0.043" /><testcase classname="backend.tests.test_iter42_virtus_daytime.TestVirtusAdminGating" name="test_put_403_for_free" time="0.003" /><testcase classname="backend.tests.test_iter42_virtus_daytime.TestVirtusAdminGating" name="test_put_persists_and_sets_edited" time="0.088" /><testcase classname="backend.tests.test_iter42_virtus_daytime.TestVirtusAdminGating" name="test_put_empty_400" time="0.043" /><testcase classname="backend.tests.test_iter42_virtus_daytime.TestVirtusAdminGating" name="test_regenerate_403_for_free" time="0.003" /><testcase classname="backend.tests.test_iter42_virtus_daytime.TestVirtusPlans" name="test_empty_slugs_400" time="0.043" /><testcase classname="backend.tests.test_iter42_virtus_daytime.TestVirtusPlans" name="test_create_plan" time="8.435" /><testcase classname="backend.tests.test_iter42_virtus_daytime.TestVirtusPlans" name="test_list_plans" time="0.044" /><testcase classname="backend.tests.test_iter42_virtus_daytime.TestVirtusPlans" name="test_toggle_goal" time="0.089" /><testcase classname="backend.tests.test_iter42_virtus_daytime.TestVirtusPlans" name="test_toggle_unknown_goal_404" time="0.043" /><testcase classname="backend.tests.test_iter42_virtus_daytime.TestVirtusPlans" name="test_delete_plan" time="0.088" /></testsuite></testsuites>