<?xml version="1.0" encoding="utf-8"?><testsuites name="pytest tests"><testsuite name="pytest" errors="0" failures="0" skipped="0" tests="19" time="18.510" timestamp="2026-06-09T03:19:24.743483+00:00" hostname="agent-env-fc5799df-9b8b-46e1-9046-8eb2561003f0"><testcase classname="backend.tests.test_parish_events.TestManualChurchTimes" name="test_post_manual_church_with_times" time="0.202" /><testcase classname="backend.tests.test_parish_events.TestManualChurchTimes" name="test_nearby_surfaces_manual_times" time="14.667" /><testcase classname="backend.tests.test_parish_events.TestManualChurchTimes" name="test_dedupe_case_insensitive" time="0.145" /><testcase classname="backend.tests.test_parish_events.TestManualChurchTimes" name="test_oversized_list_handled_gracefully" time="0.135" /><testcase classname="backend.tests.test_parish_events.TestManualChurchTimes" name="test_omitted_times_default_to_empty" time="0.104" /><testcase classname="backend.tests.test_parish_events.TestParishEvents" name="test_create_with_church" time="0.114" /><testcase classname="backend.tests.test_parish_events.TestParishEvents" name="test_create_without_church" time="0.118" /><testcase classname="backend.tests.test_parish_events.TestParishEvents" name="test_list_by_church" time="0.118" /><testcase classname="backend.tests.test_parish_events.TestParishEvents" name="test_list_by_geo_distance" time="0.108" /><testcase classname="backend.tests.test_parish_events.TestParishEvents" name="test_list_filter_event_type" time="0.110" /><testcase classname="backend.tests.test_parish_events.TestParishEvents" name="test_list_days_window_excludes_far_future" time="0.286" /><testcase classname="backend.tests.test_parish_events.TestParishEvents" name="test_flag_quorum_auto_hides" time="1.048" /><testcase classname="backend.tests.test_parish_events.TestParishEvents" name="test_delete_owner_and_non_owner" time="0.540" /><testcase classname="backend.tests.test_parish_events.TestParishEvents" name="test_me_list_scoped_to_caller" time="0.221" /><testcase classname="backend.tests.test_parish_events.TestNegativeCases" name="test_past_start_at_rejected" time="0.121" /><testcase classname="backend.tests.test_parish_events.TestNegativeCases" name="test_end_before_start_rejected" time="0.108" /><testcase classname="backend.tests.test_parish_events.TestNegativeCases" name="test_invalid_type_rejected" time="0.112" /><testcase classname="backend.tests.test_parish_events.TestNegativeCases" name="test_flag_nonexistent" time="0.114" /><testcase classname="backend.tests.test_parish_events.TestNegativeCases" name="test_invalid_event_type_filter" time="0.114" /></testsuite></testsuites>