<?xml version="1.0" encoding="utf-8"?><testsuites name="pytest tests"><testsuite name="pytest" errors="0" failures="0" skipped="0" tests="22" time="6.242" timestamp="2026-06-10T18:18:35.285705+00:00" hostname="agent-env-fc5799df-9b8b-46e1-9046-8eb2561003f0"><testcase classname="backend.tests.test_library_phase23.TestRadioPublic" name="test_list_radio_unauthed_returns_401" time="0.287" /><testcase classname="backend.tests.test_library_phase23.TestRadioPublic" name="test_list_radio_invalid_token_401" time="0.149" /><testcase classname="backend.tests.test_library_phase23.TestRadioPublic" name="test_list_radio_returns_8_seeded_stations" time="0.122" /><testcase classname="backend.tests.test_library_phase23.TestRadioPublic" name="test_get_station_by_slug" time="0.160" /><testcase classname="backend.tests.test_library_phase23.TestRadioPublic" name="test_get_station_not_found_404" time="1.159" /><testcase classname="backend.tests.test_library_phase23.TestRadioAdmin" name="test_admin_list_radio_401_no_token" time="0.111" /><testcase classname="backend.tests.test_library_phase23.TestRadioAdmin" name="test_admin_list_radio_403_for_regular_user" time="0.162" /><testcase classname="backend.tests.test_library_phase23.TestRadioAdmin" name="test_admin_radio_full_crud_round_trip" time="1.388" /><testcase classname="backend.tests.test_library_phase23.TestRadioAdmin" name="test_admin_patch_non_existent_station_404" time="0.125" /><testcase classname="backend.tests.test_library_phase23.TestFilmsPublic" name="test_list_films_unauthed_401" time="0.112" /><testcase classname="backend.tests.test_library_phase23.TestFilmsPublic" name="test_list_films_returns_12_seeded" time="0.123" /><testcase classname="backend.tests.test_library_phase23.TestFilmsPublic" name="test_films_category_filter[saints]" time="0.114" /><testcase classname="backend.tests.test_library_phase23.TestFilmsPublic" name="test_films_category_filter[doctrine]" time="0.116" /><testcase classname="backend.tests.test_library_phase23.TestFilmsPublic" name="test_films_category_filter[animated]" time="0.113" /><testcase classname="backend.tests.test_library_phase23.TestFilmsPublic" name="test_films_category_filter[documentary]" time="0.145" /><testcase classname="backend.tests.test_library_phase23.TestFilmsPublic" name="test_films_invalid_category_ignored_returns_all" time="0.124" /><testcase classname="backend.tests.test_library_phase23.TestFilmsPublic" name="test_get_film_by_slug" time="0.140" /><testcase classname="backend.tests.test_library_phase23.TestFilmsPublic" name="test_get_film_not_found_404" time="0.120" /><testcase classname="backend.tests.test_library_phase23.TestFilmsAdmin" name="test_admin_list_films_401_no_token" time="0.108" /><testcase classname="backend.tests.test_library_phase23.TestFilmsAdmin" name="test_admin_list_films_403_for_regular_user" time="0.112" /><testcase classname="backend.tests.test_library_phase23.TestFilmsAdmin" name="test_admin_films_full_crud_round_trip" time="1.055" /><testcase classname="backend.tests.test_library_phase23.TestFilmsAdmin" name="test_admin_patch_film_invalid_category_422" time="0.144" /></testsuite></testsuites>