<?xml version="1.0" encoding="utf-8"?><testsuites name="pytest tests"><testsuite name="pytest" errors="0" failures="1" skipped="0" tests="10" time="1.079" timestamp="2026-07-02T03:08:51.796498+00:00" hostname="agent-env-6b263582-921a-46ca-bab1-9c1709d26256"><testcase classname="backend.tests.test_iter85_saints_verse" name="test_companion_has_novena_slug_and_devotion[augustine-st-augustine-Novena to St. Augustine]" time="0.301" /><testcase classname="backend.tests.test_iter85_saints_verse" name="test_companion_has_novena_slug_and_devotion[thomas-aquinas-st-thomas-aquinas-Novena to St. Thomas Aquinas]" time="0.082" /><testcase classname="backend.tests.test_iter85_saints_verse" name="test_companion_has_novena_slug_and_devotion[john-the-baptist-st-john-baptist-Novena to St. John the Baptist]" time="0.078" /><testcase classname="backend.tests.test_iter85_saints_verse" name="test_companion_has_novena_slug_and_devotion[james-the-less-st-james-less-Novena to St. James the Less]" time="0.080"><failure message="AssertionError: james-the-less: no saint_devotions entry titled 'Novena to St. James the Less'. Got: ['Read the Letter of St. James', 'A daily work of mercy', 'Persevering prayer', 'Novena to St. James']&#10;assert []">backend/tests/test_iter85_saints_verse.py:37: in test_companion_has_novena_slug_and_devotion
    assert match, f"{slug}: no saint_devotions entry titled '{expected_title}'. Got: {[d.get('title') for d in sds]}"
E   AssertionError: james-the-less: no saint_devotions entry titled 'Novena to St. James the Less'. Got: ['Read the Letter of St. James', 'A daily work of mercy', 'Persevering prayer', 'Novena to St. James']
E   assert []</failure></testcase><testcase classname="backend.tests.test_iter85_saints_verse" name="test_novena_detail_ok[st-augustine]" time="0.079" /><testcase classname="backend.tests.test_iter85_saints_verse" name="test_novena_detail_ok[st-thomas-aquinas]" time="0.079" /><testcase classname="backend.tests.test_iter85_saints_verse" name="test_novena_detail_ok[st-john-baptist]" time="0.088" /><testcase classname="backend.tests.test_iter85_saints_verse" name="test_novena_detail_ok[st-james-less]" time="0.083" /><testcase classname="backend.tests.test_iter85_saints_verse" name="test_vocation_guide_has_daily_verse" time="0.081" /><testcase classname="backend.tests.test_iter85_saints_verse" name="test_vocation_guide_still_has_readings_and_devrecs" time="0.078" /></testsuite></testsuites>