<?xml version="1.0" encoding="utf-8"?><testsuites name="pytest tests"><testsuite name="pytest" errors="0" failures="0" skipped="0" tests="5" time="0.707" timestamp="2026-06-25T05:24:07.318878+00:00" hostname="agent-env-6b263582-921a-46ca-bab1-9c1709d26256"><testcase classname="backend.tests.test_iter51_features.TestChallengeWindows" name="test_windows_2026_st_joseph_33_days" time="0.180" /><testcase classname="backend.tests.test_iter51_features.TestChallengeWindows" name="test_windows_2027_st_joseph_33_days" time="0.104" /><testcase classname="backend.tests.test_iter51_features.TestCommunityPhoto" name="test_existing_photo_post_visible" time="0.094" /><testcase classname="backend.tests.test_iter51_features.TestCommunityPhoto" name="test_create_post_with_image_round_trip" time="0.204" /><testcase classname="backend.tests.test_iter51_features.TestCommunityProfileBio" name="test_admin_profile_returns_bio_fields" time="0.101" /></testsuite></testsuites>