<?xml version="1.0" encoding="utf-8"?><testsuites name="pytest tests"><testsuite name="pytest" errors="0" failures="1" skipped="0" tests="31" time="1.464" timestamp="2026-06-11T17:59:34.790343+00:00" hostname="agent-env-fc5799df-9b8b-46e1-9046-8eb2561003f0"><testcase classname="backend.tests.test_subscriptions_iter38.TestSubscriptionsStatus" name="test_admin_status_is_premium_true" time="0.005" /><testcase classname="backend.tests.test_subscriptions_iter38.TestSubscriptionsStatus" name="test_free_status_is_premium_false" time="0.044" /><testcase classname="backend.tests.test_subscriptions_iter38.TestStripeGatedEndpoints" name="test_create_checkout_503_for_free" time="0.043" /><testcase classname="backend.tests.test_subscriptions_iter38.TestStripeGatedEndpoints" name="test_create_checkout_admin_already_premium" time="0.043"><failure message="Failed: Admin checkout returns 503 — admin should be short-circuited to already_premium BEFORE the Stripe-ready check.">backend/tests/test_subscriptions_iter38.py:92: in test_create_checkout_admin_already_premium
    pytest.fail(
E   Failed: Admin checkout returns 503 — admin should be short-circuited to already_premium BEFORE the Stripe-ready check.</failure></testcase><testcase classname="backend.tests.test_subscriptions_iter38.TestStripeGatedEndpoints" name="test_customer_portal_503" time="0.044" /><testcase classname="backend.tests.test_subscriptions_iter38.TestStripeGatedEndpoints" name="test_webhook_503" time="0.043" /><testcase classname="backend.tests.test_subscriptions_iter38.TestAuthMePremiumField" name="test_admin_me_is_premium_true" time="0.043" /><testcase classname="backend.tests.test_subscriptions_iter38.TestAuthMePremiumField" name="test_free_me_is_premium_false" time="0.043" /><testcase classname="backend.tests.test_subscriptions_iter38.TestLibraryGating" name="test_books_list_has_is_premium" time="0.034" /><testcase classname="backend.tests.test_subscriptions_iter38.TestLibraryGating" name="test_papal_encyclical_free_for_nonadmin[humanae-vitae]" time="0.044" /><testcase classname="backend.tests.test_subscriptions_iter38.TestLibraryGating" name="test_papal_encyclical_free_for_nonadmin[veritatis-splendor]" time="0.044" /><testcase classname="backend.tests.test_subscriptions_iter38.TestLibraryGating" name="test_papal_encyclical_free_for_nonadmin[centesimus-annus]" time="0.047" /><testcase classname="backend.tests.test_subscriptions_iter38.TestLibraryGating" name="test_papal_encyclical_free_for_nonadmin[evangelii-nuntiandi]" time="0.044" /><testcase classname="backend.tests.test_subscriptions_iter38.TestLibraryGating" name="test_papal_encyclical_free_for_nonadmin[magnifica-humanitas]" time="0.044" /><testcase classname="backend.tests.test_subscriptions_iter38.TestLibraryGating" name="test_confessions_augustine_paywalled_for_nonadmin" time="0.044" /><testcase classname="backend.tests.test_subscriptions_iter38.TestLibraryGating" name="test_confessions_augustine_open_for_admin" time="0.044" /><testcase classname="backend.tests.test_subscriptions_iter38.TestChallengesGating" name="test_list_open_for_nonadmin" time="0.045" /><testcase classname="backend.tests.test_subscriptions_iter38.TestChallengesGating" name="test_detail_open_for_nonadmin" time="0.091" /><testcase classname="backend.tests.test_subscriptions_iter38.TestChallengesGating" name="test_enroll_402_for_nonadmin" time="0.043" /><testcase classname="backend.tests.test_subscriptions_iter38.TestChallengesGating" name="test_enroll_200_for_admin" time="0.044" /><testcase classname="backend.tests.test_subscriptions_iter38.TestGroupDMGating" name="test_group_dm_402_for_nonadmin" time="0.043" /><testcase classname="backend.tests.test_subscriptions_iter38.TestGroupDMGating" name="test_group_dm_open_for_admin" time="0.044" /><testcase classname="backend.tests.test_subscriptions_iter38.TestRegression" name="test_endpoint_200[/api/library/books]" time="0.072" /><testcase classname="backend.tests.test_subscriptions_iter38.TestRegression" name="test_endpoint_200[/api/library/films]" time="0.051" /><testcase classname="backend.tests.test_subscriptions_iter38.TestRegression" name="test_endpoint_200[/api/library/radio]" time="0.048" /><testcase classname="backend.tests.test_subscriptions_iter38.TestRegression" name="test_endpoint_200[/api/challenges]" time="0.047" /><testcase classname="backend.tests.test_subscriptions_iter38.TestRegression" name="test_endpoint_200[/api/saints/today?date=2026-01-15]" time="0.046" /><testcase classname="backend.tests.test_subscriptions_iter38.TestRegression" name="test_endpoint_200[/api/daily-practice?date=2026-01-15]" time="0.044" /><testcase classname="backend.tests.test_subscriptions_iter38.TestRegression" name="test_film_detail_youtube_id" time="0.046" /><testcase classname="backend.tests.test_subscriptions_iter38.TestRegression" name="test_community_feed" time="0.045" /><testcase classname="backend.tests.test_subscriptions_iter38.TestRegression" name="test_shop_products_optional" time="0.044" /></testsuite></testsuites>