<?xml version="1.0" encoding="utf-8"?><testsuites name="pytest tests"><testsuite name="pytest" errors="0" failures="0" skipped="0" tests="8" time="106.797" timestamp="2026-06-08T22:06:33.712397+00:00" hostname="agent-env-fc5799df-9b8b-46e1-9046-8eb2561003f0"><testcase classname="backend.tests.test_ai_suggestion.TestMealsGenerateWithUserNote" name="test_meal_with_user_note_returns_200_and_plan_shape" time="11.037" /><testcase classname="backend.tests.test_ai_suggestion.TestMealsGenerateWithUserNote" name="test_meal_user_note_influences_output" time="10.817" /><testcase classname="backend.tests.test_ai_suggestion.TestMealsGenerateWithUserNote" name="test_meal_without_user_note_still_works" time="11.209" /><testcase classname="backend.tests.test_ai_suggestion.TestWorkoutsGenerateWithUserNote" name="test_workout_with_user_note_returns_200_and_plan_shape" time="11.942" /><testcase classname="backend.tests.test_ai_suggestion.TestWorkoutsGenerateWithUserNote" name="test_workout_user_note_influences_output_upper_body" time="13.003" /><testcase classname="backend.tests.test_ai_suggestion.TestWorkoutsGenerateWithUserNote" name="test_workout_without_user_note_still_works" time="13.480" /><testcase classname="backend.tests.test_ai_suggestion.TestWorkoutsGenerateWithUserNote" name="test_sunday_rest_honored_even_with_aggressive_note" time="9.128" /><testcase classname="backend.tests.test_ai_suggestion.TestNoteHashSessionBehavior" name="test_same_note_consistent_different_note_changes_plan" time="26.152" /></testsuite></testsuites>