<?xml version="1.0" encoding="utf-8"?><testsuites name="pytest tests"><testsuite name="pytest" errors="0" failures="1" skipped="0" tests="24" time="91.958" timestamp="2026-06-08T11:29:02.157006+00:00" hostname="agent-env-fc5799df-9b8b-46e1-9046-8eb2561003f0"><testcase classname="backend.tests.test_phase1_profile_goals.TestUpdateMe" name="test_update_name_success" time="0.026" /><testcase classname="backend.tests.test_phase1_profile_goals.TestUpdateMe" name="test_update_name_empty_rejected" time="0.044" /><testcase classname="backend.tests.test_phase1_profile_goals.TestUpdateMe" name="test_update_name_whitespace_rejected" time="0.044" /><testcase classname="backend.tests.test_phase1_profile_goals.TestUpdateMe" name="test_update_name_too_long_rejected" time="0.044" /><testcase classname="backend.tests.test_phase1_profile_goals.TestUpdateMe" name="test_update_picture_data_uri_accepted" time="0.046" /><testcase classname="backend.tests.test_phase1_profile_goals.TestUpdateMe" name="test_update_picture_empty_clears" time="0.091" /><testcase classname="backend.tests.test_phase1_profile_goals.TestUpdateMe" name="test_update_picture_http_url_accepted" time="0.044" /><testcase classname="backend.tests.test_phase1_profile_goals.TestUpdateMe" name="test_update_picture_invalid_url_rejected" time="0.044" /><testcase classname="backend.tests.test_phase1_profile_goals.TestUpdateMe" name="test_update_picture_too_large_rejected" time="0.058" /><testcase classname="backend.tests.test_phase1_profile_goals.TestUpdateMe" name="test_update_me_requires_auth" time="0.002" /><testcase classname="backend.tests.test_phase1_profile_goals.TestMealsGenerateGoalMode" name="test_liturgical_mode_explicit" time="10.818" /><testcase classname="backend.tests.test_phase1_profile_goals.TestMealsGenerateGoalMode" name="test_goals_mode_without_wellness_profile" time="8.723" /><testcase classname="backend.tests.test_phase1_profile_goals.TestMealsGenerateGoalMode" name="test_default_goal_mode_is_liturgical" time="9.818" /><testcase classname="backend.tests.test_phase1_profile_goals.TestMealsGenerateGoalMode" name="test_goals_mode_with_wellness_profile" time="13.146" /><testcase classname="backend.tests.test_phase1_profile_goals.TestMealsGenerateGoalMode" name="test_invalid_date_rejected" time="0.043" /><testcase classname="backend.tests.test_phase1_profile_goals.TestWorkoutsGenerateGoalMode" name="test_liturgical_mode_explicit" time="12.963" /><testcase classname="backend.tests.test_phase1_profile_goals.TestWorkoutsGenerateGoalMode" name="test_goals_mode_with_wellness_profile" time="14.420" /><testcase classname="backend.tests.test_phase1_profile_goals.TestWorkoutsGenerateGoalMode" name="test_default_goal_mode_is_liturgical" time="12.178" /><testcase classname="backend.tests.test_phase1_profile_goals.TestPhase1Regressions" name="test_get_auth_me" time="0.045" /><testcase classname="backend.tests.test_phase1_profile_goals.TestPhase1Regressions" name="test_churches_nearby" time="7.374" /><testcase classname="backend.tests.test_phase1_profile_goals.TestPhase1Regressions" name="test_churches_search" time="1.770" /><testcase classname="backend.tests.test_phase1_profile_goals.TestPhase1Regressions" name="test_wellness_profile_get" time="0.043" /><testcase classname="backend.tests.test_phase1_profile_goals.TestPhase1Regressions" name="test_wellness_log_post" time="0.054" /><testcase classname="backend.tests.test_phase1_profile_goals.TestPhase1Regressions" name="test_journal_create" time="0.046"><failure message="AssertionError: {&quot;detail&quot;:[{&quot;type&quot;:&quot;missing&quot;,&quot;loc&quot;:[&quot;body&quot;,&quot;body&quot;],&quot;msg&quot;:&quot;Field required&quot;,&quot;input&quot;:{&quot;date&quot;:&quot;2026-06-12&quot;,&quot;kind&quot;:&quot;free&quot;,&quot;content&quot;:&quot;TEST_phase1 journal entry&quot;},&quot;url&quot;:&quot;https://errors.pydantic.dev/2.13/v/missing&quot;}]}&#10;assert 422 == 200&#10; +  where 422 = &lt;Response [422]&gt;.status_code">backend/tests/test_phase1_profile_goals.py:321: in test_journal_create
    assert r.status_code == 200, r.text
E   AssertionError: {"detail":[{"type":"missing","loc":["body","body"],"msg":"Field required","input":{"date":"2026-06-12","kind":"free","content":"TEST_phase1 journal entry"},"url":"https://errors.pydantic.dev/2.13/v/missing"}]}
E   assert 422 == 200
E    +  where 422 = &lt;Response [422]&gt;.status_code</failure></testcase></testsuite></testsuites>