<?xml version="1.0" encoding="utf-8"?><testsuites name="pytest tests"><testsuite name="pytest" errors="0" failures="1" skipped="0" tests="10" time="64.742" timestamp="2026-06-25T11:21:53.675103+00:00" hostname="agent-env-6b263582-921a-46ca-bab1-9c1709d26256"><testcase classname="backend.tests.test_library_i18n_iter59.TestBooksI18n" name="test_books_en_baseline" time="0.273" /><testcase classname="backend.tests.test_library_i18n_iter59.TestBooksI18n" name="test_books_italian" time="5.407" /><testcase classname="backend.tests.test_library_i18n_iter59.TestBooksI18n" name="test_books_spanish" time="25.026" /><testcase classname="backend.tests.test_library_i18n_iter59.TestRadioI18n" name="test_radio_en" time="0.049" /><testcase classname="backend.tests.test_library_i18n_iter59.TestRadioI18n" name="test_radio_italian" time="8.232" /><testcase classname="backend.tests.test_library_i18n_iter59.TestRadioI18n" name="test_radio_spanish" time="11.645" /><testcase classname="backend.tests.test_library_i18n_iter59.TestFilmsI18n" name="test_films_en" time="0.047" /><testcase classname="backend.tests.test_library_i18n_iter59.TestFilmsI18n" name="test_films_italian" time="3.606" /><testcase classname="backend.tests.test_library_i18n_iter59.TestFilmsI18n" name="test_films_spanish" time="10.064" /><testcase classname="backend.tests.test_library_i18n_iter59.TestBookDetailI18n" name="test_book_detail_italian_translates_chapters" time="0.336"><failure message="AssertionError: Italian markers absent in book detail: title=Confessions chapters=['Book I', 'Book II', 'Book III', 'Book IV']&#10;assert False&#10; +  where False = any(&lt;generator object TestBookDetailI18n.test_book_detail_italian_translates_chapters.&lt;locals&gt;.&lt;genexpr&gt; at 0xfd7f10819700&gt;)">backend/tests/test_library_i18n_iter59.py:128: in test_book_detail_italian_translates_chapters
    assert any(kw in joined for kw in ["confessioni", "libro", "capitolo", "infanzia", "giovinezza"]), \
E   AssertionError: Italian markers absent in book detail: title=Confessions chapters=['Book I', 'Book II', 'Book III', 'Book IV']
E   assert False
E    +  where False = any(&lt;generator object TestBookDetailI18n.test_book_detail_italian_translates_chapters.&lt;locals&gt;.&lt;genexpr&gt; at 0xfd7f10819700&gt;)</failure></testcase></testsuite></testsuites>