<?xml version="1.0" encoding="utf-8"?><testsuites name="pytest tests"><testsuite name="pytest" errors="0" failures="0" skipped="0" tests="12" time="1.396" timestamp="2026-07-02T02:36:49.724186+00:00" hostname="agent-env-6b263582-921a-46ca-bab1-9c1709d26256"><testcase classname="backend.tests.test_iter83_tlm_byzantine_readings.TestTridentineReadings" name="test_sunday_2026_06_14" time="0.374" /><testcase classname="backend.tests.test_iter83_tlm_byzantine_readings.TestTridentineReadings" name="test_major_feast_john_baptist_2026_06_24" time="0.081" /><testcase classname="backend.tests.test_iter83_tlm_byzantine_readings.TestTridentineReadings" name="test_weekday_feria_fallback_2026_06_16" time="0.080" /><testcase classname="backend.tests.test_iter83_tlm_byzantine_readings.TestTridentineReadings" name="test_bad_date_returns_400" time="0.080" /><testcase classname="backend.tests.test_iter83_tlm_byzantine_readings.TestTridentineReadings" name="test_public_no_auth_required" time="0.140" /><testcase classname="backend.tests.test_iter83_tlm_byzantine_readings.TestByzantineReadings" name="test_sunday_after_pentecost_2026_06_14" time="0.083" /><testcase classname="backend.tests.test_iter83_tlm_byzantine_readings.TestByzantineReadings" name="test_transfiguration_2026_08_06" time="0.079" /><testcase classname="backend.tests.test_iter83_tlm_byzantine_readings.TestByzantineReadings" name="test_cross_chapter_all_saints_2026_05_31" time="0.079" /><testcase classname="backend.tests.test_iter83_tlm_byzantine_readings.TestByzantineReadings" name="test_pascha_2026_04_05" time="0.078" /><testcase classname="backend.tests.test_iter83_tlm_byzantine_readings.TestByzantineReadings" name="test_weekday_feria_fallback" time="0.077" /><testcase classname="backend.tests.test_iter83_tlm_byzantine_readings.TestByzantineReadings" name="test_bad_date_returns_400" time="0.077" /><testcase classname="backend.tests.test_iter83_tlm_byzantine_readings.TestByzantineReadings" name="test_public_no_auth_required" time="0.131" /></testsuite></testsuites>