<?xml version="1.0" encoding="utf-8"?><testsuites name="pytest tests"><testsuite name="pytest" errors="0" failures="0" skipped="0" tests="21" time="1.432" timestamp="2026-07-01T10:23:49.105493+00:00" hostname="agent-env-6b263582-921a-46ca-bab1-9c1709d26256"><testcase classname="backend.tests.test_iter80_feature_batch.TestVocationGuide" name="test_guide_returns_three_time_prayers" time="0.266" /><testcase classname="backend.tests.test_iter80_feature_batch.TestVocationGuide" name="test_time_prayers_distinct_or_meaningful" time="0.051" /><testcase classname="backend.tests.test_iter80_feature_batch.TestLibraryEncyclicals" name="test_books_list_includes_all_encyclicals" time="0.094" /><testcase classname="backend.tests.test_iter80_feature_batch.TestLibraryEncyclicals" name="test_encyclical_detail_has_chapters[redemptoris-mater]" time="0.053" /><testcase classname="backend.tests.test_iter80_feature_batch.TestLibraryEncyclicals" name="test_encyclical_detail_has_chapters[marialis-cultus]" time="0.051" /><testcase classname="backend.tests.test_iter80_feature_batch.TestLibraryEncyclicals" name="test_encyclical_detail_has_chapters[rosarium-virginis-mariae]" time="0.054" /><testcase classname="backend.tests.test_iter80_feature_batch.TestLibraryEncyclicals" name="test_encyclical_detail_has_chapters[redemptoris-custos]" time="0.054" /><testcase classname="backend.tests.test_iter80_feature_batch.TestLibraryEncyclicals" name="test_encyclical_detail_has_chapters[patris-corde]" time="0.054" /><testcase classname="backend.tests.test_iter80_feature_batch.TestLibraryEncyclicals" name="test_encyclical_chapter_body_readable[redemptoris-mater]" time="0.050" /><testcase classname="backend.tests.test_iter80_feature_batch.TestLibraryEncyclicals" name="test_encyclical_chapter_body_readable[marialis-cultus]" time="0.050" /><testcase classname="backend.tests.test_iter80_feature_batch.TestLibraryEncyclicals" name="test_encyclical_chapter_body_readable[rosarium-virginis-mariae]" time="0.051" /><testcase classname="backend.tests.test_iter80_feature_batch.TestLibraryEncyclicals" name="test_encyclical_chapter_body_readable[redemptoris-custos]" time="0.064" /><testcase classname="backend.tests.test_iter80_feature_batch.TestLibraryEncyclicals" name="test_encyclical_chapter_body_readable[patris-corde]" time="0.052" /><testcase classname="backend.tests.test_iter80_feature_batch.TestLibraryExternalBooks" name="test_books_list_includes_all_externals" time="0.088" /><testcase classname="backend.tests.test_iter80_feature_batch.TestLibraryExternalBooks" name="test_external_book_detail[treatise-on-the-angels]" time="0.051" /><testcase classname="backend.tests.test_iter80_feature_batch.TestLibraryExternalBooks" name="test_external_book_detail[the-guardian-angel]" time="0.050" /><testcase classname="backend.tests.test_iter80_feature_batch.TestLibraryExternalBooks" name="test_external_book_detail[devotion-to-the-guardian-angels]" time="0.048" /><testcase classname="backend.tests.test_iter80_feature_batch.TestLibraryExternalBooks" name="test_external_book_detail[the-glories-of-mary]" time="0.048" /><testcase classname="backend.tests.test_iter80_feature_batch.TestLibraryExternalBooks" name="test_external_book_detail[true-devotion-to-mary]" time="0.056" /><testcase classname="backend.tests.test_iter80_feature_batch.TestLibraryExternalBooks" name="test_external_book_detail[life-and-glories-of-st-joseph]" time="0.062" /><testcase classname="backend.tests.test_iter80_feature_batch.TestLibraryExternalBooks" name="test_external_book_detail[story-of-a-soul]" time="0.047" /></testsuite></testsuites>