<?xml version="1.0" encoding="utf-8"?><testsuites name="pytest tests"><testsuite name="pytest" errors="0" failures="0" skipped="0" tests="50" time="50.129" timestamp="2026-06-08T04:16:18.565131+00:00" hostname="agent-env-fc5799df-9b8b-46e1-9046-8eb2561003f0"><testcase classname="tests.test_readings_journal.TestReadings" name="test_readings_requires_auth" time="0.005" /><testcase classname="tests.test_readings_journal.TestReadings" name="test_readings_invalid_date" time="0.009" /><testcase classname="tests.test_readings_journal.TestReadings" name="test_readings_today_universalis" time="8.972" /><testcase classname="tests.test_readings_journal.TestReadings" name="test_readings_future_date_fallback" time="8.534" /><testcase classname="tests.test_readings_journal.TestReadings" name="test_readings_no_mongo_id" time="3.877" /><testcase classname="tests.test_readings_journal.TestJournal" name="test_journal_list_requires_auth" time="0.003" /><testcase classname="tests.test_readings_journal.TestJournal" name="test_journal_create_requires_auth" time="0.043" /><testcase classname="tests.test_readings_journal.TestJournal" name="test_journal_get_requires_auth" time="0.042" /><testcase classname="tests.test_readings_journal.TestJournal" name="test_journal_update_requires_auth" time="0.043" /><testcase classname="tests.test_readings_journal.TestJournal" name="test_journal_delete_requires_auth" time="0.042" /><testcase classname="tests.test_readings_journal.TestJournal" name="test_create_journal_minimal" time="0.047" /><testcase classname="tests.test_readings_journal.TestJournal" name="test_create_journal_empty_body_400" time="0.045" /><testcase classname="tests.test_readings_journal.TestJournal" name="test_create_journal_invalid_date_400" time="0.044" /><testcase classname="tests.test_readings_journal.TestJournal" name="test_list_journal_sorted_and_filter" time="0.303" /><testcase classname="tests.test_readings_journal.TestJournal" name="test_update_journal" time="0.131" /><testcase classname="tests.test_readings_journal.TestJournal" name="test_update_journal_empty_body_400" time="0.087" /><testcase classname="tests.test_readings_journal.TestJournal" name="test_update_journal_not_found" time="0.044" /><testcase classname="tests.test_readings_journal.TestJournal" name="test_get_journal_not_found" time="0.044" /><testcase classname="tests.test_readings_journal.TestJournal" name="test_delete_journal" time="0.174" /><testcase classname="tests.test_readings_journal.TestJournal" name="test_journal_user_scoping" time="0.181" /><testcase classname="tests.test_readings_journal.TestSmokeRegression" name="test_liturgical_day" time="0.001" /><testcase classname="tests.test_readings_journal.TestSmokeRegression" name="test_meals_grocery_endpoint" time="0.044" /><testcase classname="tests.test_readings_journal.TestSmokeRegression" name="test_meals_grocery_bad_date" time="0.044" /><testcase classname="tests.test_readings_journal.TestSmokeRegression" name="test_save_meal_endpoint" time="0.087" /><testcase classname="tests.test_readings_journal.TestSmokeRegression" name="test_save_workout_endpoint" time="0.089" /><testcase classname="tests.test_sanctus_backend.TestHealth" name="test_root_health" time="0.001" /><testcase classname="tests.test_sanctus_backend.TestLiturgical" name="test_friday_ordinary_time_abstinence" time="0.042" /><testcase classname="tests.test_sanctus_backend.TestLiturgical" name="test_good_friday_2026" time="0.042" /><testcase classname="tests.test_sanctus_backend.TestLiturgical" name="test_easter_sunday_2026" time="0.042" /><testcase classname="tests.test_sanctus_backend.TestLiturgical" name="test_christmas_2026" time="0.041" /><testcase classname="tests.test_sanctus_backend.TestLiturgical" name="test_ash_wednesday_2026" time="0.042" /><testcase classname="tests.test_sanctus_backend.TestLiturgical" name="test_invalid_date_format" time="0.042" /><testcase classname="tests.test_sanctus_backend.TestLiturgical" name="test_month_april_2026_lent_to_easter" time="0.043" /><testcase classname="tests.test_sanctus_backend.TestLiturgical" name="test_invalid_month" time="0.041" /><testcase classname="tests.test_sanctus_backend.TestAuthUnauth" name="test_me_no_token" time="0.042" /><testcase classname="tests.test_sanctus_backend.TestAuthUnauth" name="test_session_invalid" time="0.126" /><testcase classname="tests.test_sanctus_backend.TestAuthUnauth" name="test_preferences_no_token" time="0.043" /><testcase classname="tests.test_sanctus_backend.TestAuthUnauth" name="test_meals_no_token" time="0.043" /><testcase classname="tests.test_sanctus_backend.TestAuthenticatedFlow" name="test_auth_me" time="0.005" /><testcase classname="tests.test_sanctus_backend.TestAuthenticatedFlow" name="test_preferences_default" time="0.043" /><testcase classname="tests.test_sanctus_backend.TestAuthenticatedFlow" name="test_preferences_update" time="0.088" /><testcase classname="tests.test_sanctus_backend.TestAIGeneration" name="test_meal_structure" time="17.457" /><testcase classname="tests.test_sanctus_backend.TestAIGeneration" name="test_friday_abstinence_no_meat" time="0.000" /><testcase classname="tests.test_sanctus_backend.TestAIGeneration" name="test_workout_structure" time="8.799" /><testcase classname="tests.test_sanctus_backend.TestAIGeneration" name="test_sunday_rest_content" time="0.000" /><testcase classname="tests.test_sanctus_backend.TestMealWorkoutRetrieval" name="test_get_meal_persists" time="0.043" /><testcase classname="tests.test_sanctus_backend.TestMealWorkoutRetrieval" name="test_meals_week" time="0.044" /><testcase classname="tests.test_sanctus_backend.TestMealWorkoutRetrieval" name="test_workouts_week" time="0.044" /><testcase classname="tests.test_sanctus_backend.TestMealWorkoutRetrieval" name="test_meals_week_bad_date" time="0.043" /><testcase classname="tests.test_sanctus_backend.TestLogout" name="test_logout_removes_session" time="0.007" /></testsuite></testsuites>