<?xml version="1.0" encoding="utf-8"?><testsuites name="pytest tests"><testsuite name="pytest" errors="0" failures="0" skipped="0" tests="25" time="28.574" timestamp="2026-06-08T04:15:12.883998+00:00" hostname="agent-env-fc5799df-9b8b-46e1-9046-8eb2561003f0"><testcase classname="tests.test_readings_journal.TestReadings" name="test_readings_requires_auth" time="0.004" /><testcase classname="tests.test_readings_journal.TestReadings" name="test_readings_invalid_date" time="0.017" /><testcase classname="tests.test_readings_journal.TestReadings" name="test_readings_today_universalis" time="9.371" /><testcase classname="tests.test_readings_journal.TestReadings" name="test_readings_future_date_fallback" time="13.278" /><testcase classname="tests.test_readings_journal.TestReadings" name="test_readings_no_mongo_id" time="4.278" /><testcase classname="tests.test_readings_journal.TestJournal" name="test_journal_list_requires_auth" time="0.003" /><testcase classname="tests.test_readings_journal.TestJournal" name="test_journal_create_requires_auth" time="0.042" /><testcase classname="tests.test_readings_journal.TestJournal" name="test_journal_get_requires_auth" time="0.042" /><testcase classname="tests.test_readings_journal.TestJournal" name="test_journal_update_requires_auth" time="0.043" /><testcase classname="tests.test_readings_journal.TestJournal" name="test_journal_delete_requires_auth" time="0.043" /><testcase classname="tests.test_readings_journal.TestJournal" name="test_create_journal_minimal" time="0.049" /><testcase classname="tests.test_readings_journal.TestJournal" name="test_create_journal_empty_body_400" time="0.045" /><testcase classname="tests.test_readings_journal.TestJournal" name="test_create_journal_invalid_date_400" time="0.046" /><testcase classname="tests.test_readings_journal.TestJournal" name="test_list_journal_sorted_and_filter" time="0.310" /><testcase classname="tests.test_readings_journal.TestJournal" name="test_update_journal" time="0.134" /><testcase classname="tests.test_readings_journal.TestJournal" name="test_update_journal_empty_body_400" time="0.090" /><testcase classname="tests.test_readings_journal.TestJournal" name="test_update_journal_not_found" time="0.046" /><testcase classname="tests.test_readings_journal.TestJournal" name="test_get_journal_not_found" time="0.044" /><testcase classname="tests.test_readings_journal.TestJournal" name="test_delete_journal" time="0.180" /><testcase classname="tests.test_readings_journal.TestJournal" name="test_journal_user_scoping" time="0.188" /><testcase classname="tests.test_readings_journal.TestSmokeRegression" name="test_liturgical_day" time="0.002" /><testcase classname="tests.test_readings_journal.TestSmokeRegression" name="test_meals_grocery_endpoint" time="0.044" /><testcase classname="tests.test_readings_journal.TestSmokeRegression" name="test_meals_grocery_bad_date" time="0.043" /><testcase classname="tests.test_readings_journal.TestSmokeRegression" name="test_save_meal_endpoint" time="0.089" /><testcase classname="tests.test_readings_journal.TestSmokeRegression" name="test_save_workout_endpoint" time="0.092" /></testsuite></testsuites>